  [1m[36m (1.0ms)[0m  [1mCREATE TABLE "artists" ("id" INTEGER PRIMARY KEY AUTOINCREMENT NOT NULL, "name" varchar, "created_at" datetime NOT NULL, "updated_at" datetime NOT NULL) [0m
  [1m[35m (0.7ms)[0m  CREATE TABLE "songs" ("id" INTEGER PRIMARY KEY AUTOINCREMENT NOT NULL, "title" varchar, "created_at" datetime NOT NULL, "updated_at" datetime NOT NULL) 
  [1m[36m (1.0ms)[0m  [1mCREATE TABLE "schema_migrations" ("version" varchar NOT NULL) [0m
  [1m[35m (0.0ms)[0m  select sqlite_version(*)
  [1m[36m (0.9ms)[0m  [1mCREATE UNIQUE INDEX "unique_schema_migrations" ON "schema_migrations" ("version")[0m
  [1m[35m (0.1ms)[0m  SELECT version FROM "schema_migrations"
  [1m[36m (0.9ms)[0m  [1mINSERT INTO "schema_migrations" (version) VALUES ('20160108015408')[0m
  [1m[35m (0.9ms)[0m  INSERT INTO "schema_migrations" (version) VALUES ('20160108015311')
  [1m[36m (0.7ms)[0m  [1mCREATE TABLE "artists" ("id" INTEGER PRIMARY KEY AUTOINCREMENT NOT NULL, "name" varchar, "created_at" datetime NOT NULL, "updated_at" datetime NOT NULL) [0m
  [1m[35m (0.6ms)[0m  CREATE TABLE "songs" ("id" INTEGER PRIMARY KEY AUTOINCREMENT NOT NULL, "title" varchar, "created_at" datetime NOT NULL, "updated_at" datetime NOT NULL) 
  [1m[36m (0.6ms)[0m  [1mCREATE TABLE "schema_migrations" ("version" varchar NOT NULL) [0m
  [1m[35m (0.0ms)[0m  select sqlite_version(*)
  [1m[36m (0.6ms)[0m  [1mCREATE UNIQUE INDEX "unique_schema_migrations" ON "schema_migrations" ("version")[0m
  [1m[35m (0.1ms)[0m  SELECT version FROM "schema_migrations"
  [1m[36m (0.7ms)[0m  [1mINSERT INTO "schema_migrations" (version) VALUES ('20160108015408')[0m
  [1m[35m (1.1ms)[0m  INSERT INTO "schema_migrations" (version) VALUES ('20160108015311')
  [1m[36mActiveRecord::SchemaMigration Load (0.2ms)[0m  [1mSELECT "schema_migrations".* FROM "schema_migrations"[0m


Started GET "/" for ::1 at 2016-01-26 17:54:19 -0500
  [1m[36mActiveRecord::SchemaMigration Load (0.4ms)[0m  [1mSELECT "schema_migrations".* FROM "schema_migrations"[0m
Processing by Rails::WelcomeController#index as HTML
  Rendered /Users/scottcreynolds/.rvm/gems/ruby-2.1.2/gems/railties-4.2.5/lib/rails/templates/rails/welcome/index.html.erb (1.6ms)
Completed 200 OK in 12ms (Views: 11.9ms | ActiveRecord: 0.0ms)


Started GET "/songs" for ::1 at 2016-01-26 18:06:51 -0500
Processing by SongsController#index as HTML
Completed 500 Internal Server Error in 10ms (ActiveRecord: 0.0ms)

ActionView::MissingTemplate (Missing template songs/index, application/index with {:locale=>[:en], :formats=>[:html], :variants=>[], :handlers=>[:erb, :builder, :raw, :ruby, :jbuilder]}. Searched in:
  * "/Users/scottcreynolds/code/learn/refactoring-views-with-helpers-lab/app/views"
):
  actionview (4.2.5) lib/action_view/path_set.rb:46:in `find'
  actionview (4.2.5) lib/action_view/lookup_context.rb:121:in `find'
  actionview (4.2.5) lib/action_view/renderer/abstract_renderer.rb:18:in `find_template'
  actionview (4.2.5) lib/action_view/renderer/template_renderer.rb:40:in `determine_template'
  actionview (4.2.5) lib/action_view/renderer/template_renderer.rb:8:in `render'
  actionview (4.2.5) lib/action_view/renderer/renderer.rb:42:in `render_template'
  actionview (4.2.5) lib/action_view/renderer/renderer.rb:23:in `render'
  actionview (4.2.5) lib/action_view/rendering.rb:100:in `_render_template'
  actionpack (4.2.5) lib/action_controller/metal/streaming.rb:217:in `_render_template'
  actionview (4.2.5) lib/action_view/rendering.rb:83:in `render_to_body'
  actionpack (4.2.5) lib/action_controller/metal/rendering.rb:32:in `render_to_body'
  actionpack (4.2.5) lib/action_controller/metal/renderers.rb:37:in `render_to_body'
  actionpack (4.2.5) lib/abstract_controller/rendering.rb:25:in `render'
  actionpack (4.2.5) lib/action_controller/metal/rendering.rb:16:in `render'
  actionpack (4.2.5) lib/action_controller/metal/instrumentation.rb:44:in `block (2 levels) in render'
  activesupport (4.2.5) lib/active_support/core_ext/benchmark.rb:12:in `block in ms'
  /Users/scottcreynolds/.rvm/rubies/ruby-2.1.2/lib/ruby/2.1.0/benchmark.rb:294:in `realtime'
  activesupport (4.2.5) lib/active_support/core_ext/benchmark.rb:12:in `ms'
  actionpack (4.2.5) lib/action_controller/metal/instrumentation.rb:44:in `block in render'
  actionpack (4.2.5) lib/action_controller/metal/instrumentation.rb:87:in `cleanup_view_runtime'
  activerecord (4.2.5) lib/active_record/railties/controller_runtime.rb:25:in `cleanup_view_runtime'
  actionpack (4.2.5) lib/action_controller/metal/instrumentation.rb:43:in `render'
  actionpack (4.2.5) lib/action_controller/metal/implicit_render.rb:10:in `default_render'
  actionpack (4.2.5) lib/action_controller/metal/implicit_render.rb:5:in `send_action'
  actionpack (4.2.5) lib/abstract_controller/base.rb:198:in `process_action'
  actionpack (4.2.5) lib/action_controller/metal/rendering.rb:10:in `process_action'
  actionpack (4.2.5) lib/abstract_controller/callbacks.rb:20:in `block in process_action'
  activesupport (4.2.5) lib/active_support/callbacks.rb:117:in `call'
  activesupport (4.2.5) lib/active_support/callbacks.rb:117:in `call'
  activesupport (4.2.5) lib/active_support/callbacks.rb:555:in `block (2 levels) in compile'
  activesupport (4.2.5) lib/active_support/callbacks.rb:505:in `call'
  activesupport (4.2.5) lib/active_support/callbacks.rb:505:in `call'
  activesupport (4.2.5) lib/active_support/callbacks.rb:92:in `__run_callbacks__'
  activesupport (4.2.5) lib/active_support/callbacks.rb:778:in `_run_process_action_callbacks'
  activesupport (4.2.5) lib/active_support/callbacks.rb:81:in `run_callbacks'
  actionpack (4.2.5) lib/abstract_controller/callbacks.rb:19:in `process_action'
  actionpack (4.2.5) lib/action_controller/metal/rescue.rb:29:in `process_action'
  actionpack (4.2.5) lib/action_controller/metal/instrumentation.rb:32:in `block in process_action'
  activesupport (4.2.5) lib/active_support/notifications.rb:164:in `block in instrument'
  activesupport (4.2.5) lib/active_support/notifications/instrumenter.rb:20:in `instrument'
  activesupport (4.2.5) lib/active_support/notifications.rb:164:in `instrument'
  actionpack (4.2.5) lib/action_controller/metal/instrumentation.rb:30:in `process_action'
  actionpack (4.2.5) lib/action_controller/metal/params_wrapper.rb:250:in `process_action'
  activerecord (4.2.5) lib/active_record/railties/controller_runtime.rb:18:in `process_action'
  actionpack (4.2.5) lib/abstract_controller/base.rb:137:in `process'
  actionview (4.2.5) lib/action_view/rendering.rb:30:in `process'
  actionpack (4.2.5) lib/action_controller/metal.rb:196:in `dispatch'
  actionpack (4.2.5) lib/action_controller/metal/rack_delegation.rb:13:in `dispatch'
  actionpack (4.2.5) lib/action_controller/metal.rb:237:in `block in action'
  actionpack (4.2.5) lib/action_dispatch/routing/route_set.rb:76:in `call'
  actionpack (4.2.5) lib/action_dispatch/routing/route_set.rb:76:in `dispatch'
  actionpack (4.2.5) lib/action_dispatch/routing/route_set.rb:45:in `serve'
  actionpack (4.2.5) lib/action_dispatch/journey/router.rb:43:in `block in serve'
  actionpack (4.2.5) lib/action_dispatch/journey/router.rb:30:in `each'
  actionpack (4.2.5) lib/action_dispatch/journey/router.rb:30:in `serve'
  actionpack (4.2.5) lib/action_dispatch/routing/route_set.rb:817:in `call'
  rack (1.6.4) lib/rack/etag.rb:24:in `call'
  rack (1.6.4) lib/rack/conditionalget.rb:25:in `call'
  rack (1.6.4) lib/rack/head.rb:13:in `call'
  actionpack (4.2.5) lib/action_dispatch/middleware/params_parser.rb:27:in `call'
  actionpack (4.2.5) lib/action_dispatch/middleware/flash.rb:260:in `call'
  rack (1.6.4) lib/rack/session/abstract/id.rb:225:in `context'
  rack (1.6.4) lib/rack/session/abstract/id.rb:220:in `call'
  actionpack (4.2.5) lib/action_dispatch/middleware/cookies.rb:560:in `call'
  activerecord (4.2.5) lib/active_record/query_cache.rb:36:in `call'
  activerecord (4.2.5) lib/active_record/connection_adapters/abstract/connection_pool.rb:653:in `call'
  activerecord (4.2.5) lib/active_record/migration.rb:377:in `call'
  actionpack (4.2.5) lib/action_dispatch/middleware/callbacks.rb:29:in `block in call'
  activesupport (4.2.5) lib/active_support/callbacks.rb:88:in `__run_callbacks__'
  activesupport (4.2.5) lib/active_support/callbacks.rb:778:in `_run_call_callbacks'
  activesupport (4.2.5) lib/active_support/callbacks.rb:81:in `run_callbacks'
  actionpack (4.2.5) lib/action_dispatch/middleware/callbacks.rb:27:in `call'
  actionpack (4.2.5) lib/action_dispatch/middleware/reloader.rb:73:in `call'
  actionpack (4.2.5) lib/action_dispatch/middleware/remote_ip.rb:78:in `call'
  actionpack (4.2.5) lib/action_dispatch/middleware/debug_exceptions.rb:17:in `call'
  web-console (2.2.1) lib/web_console/middleware.rb:39:in `call'
  actionpack (4.2.5) lib/action_dispatch/middleware/show_exceptions.rb:30:in `call'
  railties (4.2.5) lib/rails/rack/logger.rb:38:in `call_app'
  railties (4.2.5) lib/rails/rack/logger.rb:20:in `block in call'
  activesupport (4.2.5) lib/active_support/tagged_logging.rb:68:in `block in tagged'
  activesupport (4.2.5) lib/active_support/tagged_logging.rb:26:in `tagged'
  activesupport (4.2.5) lib/active_support/tagged_logging.rb:68:in `tagged'
  railties (4.2.5) lib/rails/rack/logger.rb:20:in `call'
  actionpack (4.2.5) lib/action_dispatch/middleware/request_id.rb:21:in `call'
  rack (1.6.4) lib/rack/methodoverride.rb:22:in `call'
  rack (1.6.4) lib/rack/runtime.rb:18:in `call'
  activesupport (4.2.5) lib/active_support/cache/strategy/local_cache_middleware.rb:28:in `call'
  rack (1.6.4) lib/rack/lock.rb:17:in `call'
  actionpack (4.2.5) lib/action_dispatch/middleware/static.rb:116:in `call'
  rack (1.6.4) lib/rack/sendfile.rb:113:in `call'
  railties (4.2.5) lib/rails/engine.rb:518:in `call'
  railties (4.2.5) lib/rails/application.rb:165:in `call'
  rack (1.6.4) lib/rack/lock.rb:17:in `call'
  rack (1.6.4) lib/rack/content_length.rb:15:in `call'
  rack (1.6.4) lib/rack/handler/webrick.rb:88:in `service'
  /Users/scottcreynolds/.rvm/rubies/ruby-2.1.2/lib/ruby/2.1.0/webrick/httpserver.rb:138:in `service'
  /Users/scottcreynolds/.rvm/rubies/ruby-2.1.2/lib/ruby/2.1.0/webrick/httpserver.rb:94:in `run'
  /Users/scottcreynolds/.rvm/rubies/ruby-2.1.2/lib/ruby/2.1.0/webrick/server.rb:295:in `block in start_thread'


  Rendered /Users/scottcreynolds/.rvm/gems/ruby-2.1.2/gems/actionpack-4.2.5/lib/action_dispatch/middleware/templates/rescues/_source.erb (6.8ms)
  Rendered /Users/scottcreynolds/.rvm/gems/ruby-2.1.2/gems/actionpack-4.2.5/lib/action_dispatch/middleware/templates/rescues/_trace.html.erb (2.4ms)
  Rendered /Users/scottcreynolds/.rvm/gems/ruby-2.1.2/gems/actionpack-4.2.5/lib/action_dispatch/middleware/templates/rescues/_request_and_response.html.erb (7.8ms)
  Rendered /Users/scottcreynolds/.rvm/gems/ruby-2.1.2/gems/actionpack-4.2.5/lib/action_dispatch/middleware/templates/rescues/missing_template.html.erb within rescues/layout (30.4ms)
  Rendered /Users/scottcreynolds/.rvm/gems/ruby-2.1.2/gems/web-console-2.2.1/lib/web_console/templates/_markup.html.erb (0.4ms)
  Rendered /Users/scottcreynolds/.rvm/gems/ruby-2.1.2/gems/web-console-2.2.1/lib/web_console/templates/_inner_console_markup.html.erb within layouts/inlined_string (0.2ms)
  Rendered /Users/scottcreynolds/.rvm/gems/ruby-2.1.2/gems/web-console-2.2.1/lib/web_console/templates/_prompt_box_markup.html.erb within layouts/inlined_string (0.2ms)
  Rendered /Users/scottcreynolds/.rvm/gems/ruby-2.1.2/gems/web-console-2.2.1/lib/web_console/templates/style.css.erb within layouts/inlined_string (0.2ms)
  Rendered /Users/scottcreynolds/.rvm/gems/ruby-2.1.2/gems/web-console-2.2.1/lib/web_console/templates/console.js.erb within layouts/javascript (14.5ms)
  Rendered /Users/scottcreynolds/.rvm/gems/ruby-2.1.2/gems/web-console-2.2.1/lib/web_console/templates/main.js.erb within layouts/javascript (0.2ms)
  Rendered /Users/scottcreynolds/.rvm/gems/ruby-2.1.2/gems/web-console-2.2.1/lib/web_console/templates/error_page.js.erb within layouts/javascript (0.6ms)
  Rendered /Users/scottcreynolds/.rvm/gems/ruby-2.1.2/gems/web-console-2.2.1/lib/web_console/templates/index.html.erb (37.7ms)


Started GET "/songs" for ::1 at 2016-01-26 19:18:17 -0500
  [1m[35mActiveRecord::SchemaMigration Load (0.4ms)[0m  SELECT "schema_migrations".* FROM "schema_migrations"

ActiveRecord::PendingMigrationError (

Migrations are pending. To resolve this issue, run:

	bin/rake db:migrate RAILS_ENV=development

):
  activerecord (4.2.5) lib/active_record/migration.rb:392:in `check_pending!'
  activerecord (4.2.5) lib/active_record/migration.rb:373:in `call'
  actionpack (4.2.5) lib/action_dispatch/middleware/callbacks.rb:29:in `block in call'
  activesupport (4.2.5) lib/active_support/callbacks.rb:88:in `__run_callbacks__'
  activesupport (4.2.5) lib/active_support/callbacks.rb:778:in `_run_call_callbacks'
  activesupport (4.2.5) lib/active_support/callbacks.rb:81:in `run_callbacks'
  actionpack (4.2.5) lib/action_dispatch/middleware/callbacks.rb:27:in `call'
  actionpack (4.2.5) lib/action_dispatch/middleware/reloader.rb:73:in `call'
  actionpack (4.2.5) lib/action_dispatch/middleware/remote_ip.rb:78:in `call'
  actionpack (4.2.5) lib/action_dispatch/middleware/debug_exceptions.rb:17:in `call'
  web-console (2.2.1) lib/web_console/middleware.rb:39:in `call'
  actionpack (4.2.5) lib/action_dispatch/middleware/show_exceptions.rb:30:in `call'
  railties (4.2.5) lib/rails/rack/logger.rb:38:in `call_app'
  railties (4.2.5) lib/rails/rack/logger.rb:20:in `block in call'
  activesupport (4.2.5) lib/active_support/tagged_logging.rb:68:in `block in tagged'
  activesupport (4.2.5) lib/active_support/tagged_logging.rb:26:in `tagged'
  activesupport (4.2.5) lib/active_support/tagged_logging.rb:68:in `tagged'
  railties (4.2.5) lib/rails/rack/logger.rb:20:in `call'
  actionpack (4.2.5) lib/action_dispatch/middleware/request_id.rb:21:in `call'
  rack (1.6.4) lib/rack/methodoverride.rb:22:in `call'
  rack (1.6.4) lib/rack/runtime.rb:18:in `call'
  activesupport (4.2.5) lib/active_support/cache/strategy/local_cache_middleware.rb:28:in `call'
  rack (1.6.4) lib/rack/lock.rb:17:in `call'
  actionpack (4.2.5) lib/action_dispatch/middleware/static.rb:116:in `call'
  rack (1.6.4) lib/rack/sendfile.rb:113:in `call'
  railties (4.2.5) lib/rails/engine.rb:518:in `call'
  railties (4.2.5) lib/rails/application.rb:165:in `call'
  rack (1.6.4) lib/rack/lock.rb:17:in `call'
  rack (1.6.4) lib/rack/content_length.rb:15:in `call'
  rack (1.6.4) lib/rack/handler/webrick.rb:88:in `service'
  /Users/scottcreynolds/.rvm/rubies/ruby-2.1.2/lib/ruby/2.1.0/webrick/httpserver.rb:138:in `service'
  /Users/scottcreynolds/.rvm/rubies/ruby-2.1.2/lib/ruby/2.1.0/webrick/httpserver.rb:94:in `run'
  /Users/scottcreynolds/.rvm/rubies/ruby-2.1.2/lib/ruby/2.1.0/webrick/server.rb:295:in `block in start_thread'


  Rendered /Users/scottcreynolds/.rvm/gems/ruby-2.1.2/gems/actionpack-4.2.5/lib/action_dispatch/middleware/templates/rescues/_source.erb (2.5ms)
  Rendered /Users/scottcreynolds/.rvm/gems/ruby-2.1.2/gems/actionpack-4.2.5/lib/action_dispatch/middleware/templates/rescues/_trace.html.erb (1.7ms)
  Rendered /Users/scottcreynolds/.rvm/gems/ruby-2.1.2/gems/actionpack-4.2.5/lib/action_dispatch/middleware/templates/rescues/_request_and_response.html.erb (1.0ms)
  Rendered /Users/scottcreynolds/.rvm/gems/ruby-2.1.2/gems/actionpack-4.2.5/lib/action_dispatch/middleware/templates/rescues/diagnostics.html.erb within rescues/layout (18.4ms)
  Rendered /Users/scottcreynolds/.rvm/gems/ruby-2.1.2/gems/web-console-2.2.1/lib/web_console/templates/_markup.html.erb (1.2ms)
  Rendered /Users/scottcreynolds/.rvm/gems/ruby-2.1.2/gems/web-console-2.2.1/lib/web_console/templates/_inner_console_markup.html.erb within layouts/inlined_string (4.7ms)
  Rendered /Users/scottcreynolds/.rvm/gems/ruby-2.1.2/gems/web-console-2.2.1/lib/web_console/templates/_prompt_box_markup.html.erb within layouts/inlined_string (0.4ms)
  Rendered /Users/scottcreynolds/.rvm/gems/ruby-2.1.2/gems/web-console-2.2.1/lib/web_console/templates/style.css.erb within layouts/inlined_string (0.3ms)
  Rendered /Users/scottcreynolds/.rvm/gems/ruby-2.1.2/gems/web-console-2.2.1/lib/web_console/templates/console.js.erb within layouts/javascript (21.8ms)
  Rendered /Users/scottcreynolds/.rvm/gems/ruby-2.1.2/gems/web-console-2.2.1/lib/web_console/templates/main.js.erb within layouts/javascript (0.2ms)
  Rendered /Users/scottcreynolds/.rvm/gems/ruby-2.1.2/gems/web-console-2.2.1/lib/web_console/templates/error_page.js.erb within layouts/javascript (0.6ms)
  Rendered /Users/scottcreynolds/.rvm/gems/ruby-2.1.2/gems/web-console-2.2.1/lib/web_console/templates/index.html.erb (48.7ms)
  [1m[36mActiveRecord::SchemaMigration Load (0.4ms)[0m  [1mSELECT "schema_migrations".* FROM "schema_migrations"[0m
Migrating to AddArtistToSong (20160126235547)
  [1m[35m (0.1ms)[0m  begin transaction
  [1m[36m (0.9ms)[0m  [1mALTER TABLE "songs" ADD "artist_id" integer[0m
  [1m[35m (0.1ms)[0m  select sqlite_version(*)
  [1m[36m (0.5ms)[0m  [1mCREATE  INDEX "index_songs_on_artist_id" ON "songs" ("artist_id")[0m
  [1m[35mSQL (0.5ms)[0m  INSERT INTO "schema_migrations" ("version") VALUES (?)  [["version", "20160126235547"]]
  [1m[36m (0.7ms)[0m  [1mcommit transaction[0m
  [1m[35mActiveRecord::SchemaMigration Load (0.1ms)[0m  SELECT "schema_migrations".* FROM "schema_migrations"
  [1m[36m (0.1ms)[0m  [1m            SELECT sql
            FROM sqlite_master
            WHERE name='index_songs_on_artist_id' AND type='index'
            UNION ALL
            SELECT sql
            FROM sqlite_temp_master
            WHERE name='index_songs_on_artist_id' AND type='index'
[0m


Started GET "/songs" for ::1 at 2016-01-26 19:18:46 -0500
  [1m[36mActiveRecord::SchemaMigration Load (0.1ms)[0m  [1mSELECT "schema_migrations".* FROM "schema_migrations"[0m
Processing by SongsController#index as HTML
  [1m[35mSong Load (0.1ms)[0m  SELECT "songs".* FROM "songs"
  Rendered songs/index.html.erb within layouts/application (1.4ms)
Completed 200 OK in 176ms (Views: 170.0ms | ActiveRecord: 0.2ms)


Started GET "/assets/application.self-e80e8f2318043e8af94dddc2adad5a4f09739a8ebb323b3ab31cd71d45fd9113.css?body=1" for ::1 at 2016-01-26 19:18:47 -0500


Started GET "/songs" for ::1 at 2016-01-26 19:19:59 -0500
Processing by SongsController#index as HTML
  [1m[36mSong Load (0.1ms)[0m  [1mSELECT "songs".* FROM "songs"[0m
  Rendered songs/index.html.erb within layouts/application (1.0ms)
Completed 200 OK in 6ms (Views: 5.2ms | ActiveRecord: 0.1ms)


Started GET "/assets/application.self-e80e8f2318043e8af94dddc2adad5a4f09739a8ebb323b3ab31cd71d45fd9113.css?body=1" for ::1 at 2016-01-26 19:20:00 -0500


Started GET "/songs/new" for ::1 at 2016-01-26 19:20:01 -0500
Processing by SongsController#new as HTML
  Rendered songs/new.html.erb within layouts/application (35.6ms)
Completed 200 OK in 44ms (Views: 40.7ms | ActiveRecord: 0.2ms)


Started POST "/songs" for ::1 at 2016-01-26 19:20:14 -0500
Processing by SongsController#create as HTML
  Parameters: {"utf8"=>"✓", "authenticity_token"=>"l/FViU6hxGTuJg84vHyXiFNor6KOK068ki0E36OgdxwWtMJ9U92CZpkgmbAOXadHFtEzG8jaWKcJtJDxZEW+XA==", "song"=>{"title"=>"Song 2", "artist_name"=>"Blur"}, "commit"=>"Create Song"}
  [1m[35mArtist Load (0.5ms)[0m  SELECT  "artists".* FROM "artists" WHERE "artists"."name" = ? LIMIT 1  [["name", "Blur"]]
  [1m[36m (0.2ms)[0m  [1mbegin transaction[0m
  [1m[35mSQL (0.7ms)[0m  INSERT INTO "artists" ("name", "created_at", "updated_at") VALUES (?, ?, ?)  [["name", "Blur"], ["created_at", "2016-01-27 00:20:14.513159"], ["updated_at", "2016-01-27 00:20:14.513159"]]
  [1m[36m (0.5ms)[0m  [1mcommit transaction[0m
  [1m[35m (0.0ms)[0m  begin transaction
  [1m[36mSQL (0.2ms)[0m  [1mINSERT INTO "songs" ("title", "artist_id", "created_at", "updated_at") VALUES (?, ?, ?, ?)[0m  [["title", "Song 2"], ["artist_id", 1], ["created_at", "2016-01-27 00:20:14.516774"], ["updated_at", "2016-01-27 00:20:14.516774"]]
  [1m[35m (0.6ms)[0m  commit transaction
Redirected to http://localhost:3000/songs/1
Completed 302 Found in 18ms (ActiveRecord: 3.0ms)


Started GET "/songs/1" for ::1 at 2016-01-26 19:20:14 -0500
Processing by SongsController#show as HTML
  Parameters: {"id"=>"1"}
  [1m[36mSong Load (0.3ms)[0m  [1mSELECT  "songs".* FROM "songs" WHERE "songs"."id" = ? LIMIT 1[0m  [["id", 1]]
  Rendered songs/show.html.erb within layouts/application (7.7ms)
Completed 500 Internal Server Error in 13ms (ActiveRecord: 0.3ms)

ActionView::Template::Error (undefined method `artist' for #<#<Class:0x007fa014568c20>:0x007fa01ab69948>):
    1: <span><%= @song.title %></span>
    2: <span><%= artist @song %></span>
    3: <br>
    4: <%= link_to "All Songs", songs_path %>
  app/views/songs/show.html.erb:2:in `_app_views_songs_show_html_erb___3652063257568161219_70162809832320'


  Rendered /Users/scottcreynolds/.rvm/gems/ruby-2.1.2/gems/actionpack-4.2.5/lib/action_dispatch/middleware/templates/rescues/_source.erb (5.5ms)
  Rendered /Users/scottcreynolds/.rvm/gems/ruby-2.1.2/gems/actionpack-4.2.5/lib/action_dispatch/middleware/templates/rescues/_trace.html.erb (2.0ms)
  Rendered /Users/scottcreynolds/.rvm/gems/ruby-2.1.2/gems/actionpack-4.2.5/lib/action_dispatch/middleware/templates/rescues/_request_and_response.html.erb (1.0ms)
  Rendered /Users/scottcreynolds/.rvm/gems/ruby-2.1.2/gems/actionpack-4.2.5/lib/action_dispatch/middleware/templates/rescues/template_error.html.erb within rescues/layout (18.7ms)
  Rendered /Users/scottcreynolds/.rvm/gems/ruby-2.1.2/gems/web-console-2.2.1/lib/web_console/templates/_markup.html.erb (0.2ms)
  Rendered /Users/scottcreynolds/.rvm/gems/ruby-2.1.2/gems/web-console-2.2.1/lib/web_console/templates/_inner_console_markup.html.erb within layouts/inlined_string (0.5ms)
  Rendered /Users/scottcreynolds/.rvm/gems/ruby-2.1.2/gems/web-console-2.2.1/lib/web_console/templates/_prompt_box_markup.html.erb within layouts/inlined_string (0.3ms)
  Rendered /Users/scottcreynolds/.rvm/gems/ruby-2.1.2/gems/web-console-2.2.1/lib/web_console/templates/style.css.erb within layouts/inlined_string (0.4ms)
  Rendered /Users/scottcreynolds/.rvm/gems/ruby-2.1.2/gems/web-console-2.2.1/lib/web_console/templates/console.js.erb within layouts/javascript (15.1ms)
  Rendered /Users/scottcreynolds/.rvm/gems/ruby-2.1.2/gems/web-console-2.2.1/lib/web_console/templates/main.js.erb within layouts/javascript (0.3ms)
  Rendered /Users/scottcreynolds/.rvm/gems/ruby-2.1.2/gems/web-console-2.2.1/lib/web_console/templates/error_page.js.erb within layouts/javascript (0.3ms)
  Rendered /Users/scottcreynolds/.rvm/gems/ruby-2.1.2/gems/web-console-2.2.1/lib/web_console/templates/index.html.erb (28.7ms)


Started GET "/songs/new" for ::1 at 2016-01-26 19:20:53 -0500
Processing by SongsController#new as HTML
  Rendered songs/new.html.erb within layouts/application (1.9ms)
Completed 200 OK in 6ms (Views: 5.4ms | ActiveRecord: 0.0ms)


Started GET "/assets/application.self-e80e8f2318043e8af94dddc2adad5a4f09739a8ebb323b3ab31cd71d45fd9113.css?body=1" for ::1 at 2016-01-26 19:20:53 -0500


Started GET "/songs" for ::1 at 2016-01-26 19:22:42 -0500

ActionController::RoutingError (Couldn't find SongsHelper, expected it to be defined in helpers/songs_helper.rb):
  app/controllers/application_controller.rb:1:in `<top (required)>'
  app/controllers/songs_controller.rb:1:in `<top (required)>'


  Rendered /Users/scottcreynolds/.rvm/gems/ruby-2.1.2/gems/actionpack-4.2.5/lib/action_dispatch/middleware/templates/rescues/_trace.html.erb (2.0ms)
  Rendered /Users/scottcreynolds/.rvm/gems/ruby-2.1.2/gems/actionpack-4.2.5/lib/action_dispatch/middleware/templates/routes/_route.html.erb (2.3ms)
  Rendered /Users/scottcreynolds/.rvm/gems/ruby-2.1.2/gems/actionpack-4.2.5/lib/action_dispatch/middleware/templates/routes/_table.html.erb (2.9ms)
  Rendered /Users/scottcreynolds/.rvm/gems/ruby-2.1.2/gems/actionpack-4.2.5/lib/action_dispatch/middleware/templates/rescues/_request_and_response.html.erb (1.5ms)
  Rendered /Users/scottcreynolds/.rvm/gems/ruby-2.1.2/gems/actionpack-4.2.5/lib/action_dispatch/middleware/templates/rescues/routing_error.html.erb within rescues/layout (34.6ms)
  Rendered /Users/scottcreynolds/.rvm/gems/ruby-2.1.2/gems/web-console-2.2.1/lib/web_console/templates/_markup.html.erb (0.3ms)
  Rendered /Users/scottcreynolds/.rvm/gems/ruby-2.1.2/gems/web-console-2.2.1/lib/web_console/templates/_inner_console_markup.html.erb within layouts/inlined_string (0.3ms)
  Rendered /Users/scottcreynolds/.rvm/gems/ruby-2.1.2/gems/web-console-2.2.1/lib/web_console/templates/_prompt_box_markup.html.erb within layouts/inlined_string (0.2ms)
  Rendered /Users/scottcreynolds/.rvm/gems/ruby-2.1.2/gems/web-console-2.2.1/lib/web_console/templates/style.css.erb within layouts/inlined_string (0.2ms)
  Rendered /Users/scottcreynolds/.rvm/gems/ruby-2.1.2/gems/web-console-2.2.1/lib/web_console/templates/console.js.erb within layouts/javascript (11.6ms)
  Rendered /Users/scottcreynolds/.rvm/gems/ruby-2.1.2/gems/web-console-2.2.1/lib/web_console/templates/main.js.erb within layouts/javascript (0.2ms)
  Rendered /Users/scottcreynolds/.rvm/gems/ruby-2.1.2/gems/web-console-2.2.1/lib/web_console/templates/error_page.js.erb within layouts/javascript (0.4ms)
  Rendered /Users/scottcreynolds/.rvm/gems/ruby-2.1.2/gems/web-console-2.2.1/lib/web_console/templates/index.html.erb (25.4ms)


Started GET "/songs" for ::1 at 2016-01-26 19:23:19 -0500
Processing by SongsController#index as HTML
  [1m[35mSong Load (0.3ms)[0m  SELECT "songs".* FROM "songs"
  Rendered songs/index.html.erb within layouts/application (3.8ms)
Completed 200 OK in 12ms (Views: 8.9ms | ActiveRecord: 0.5ms)


Started GET "/assets/application.self-e80e8f2318043e8af94dddc2adad5a4f09739a8ebb323b3ab31cd71d45fd9113.css?body=1" for ::1 at 2016-01-26 19:23:19 -0500


Started GET "/songs/new" for ::1 at 2016-01-26 23:06:19 -0500
Processing by SongsController#new as HTML
  Rendered songs/new.html.erb within layouts/application (12.2ms)
Completed 200 OK in 38ms (Views: 26.1ms | ActiveRecord: 0.6ms)


Started POST "/songs" for ::1 at 2016-01-26 23:06:26 -0500
Processing by SongsController#create as HTML
  Parameters: {"utf8"=>"✓", "authenticity_token"=>"LuRfmjqjkH9BSz1idWMHDcp+kS6eGGPhTTKpxWK/5s+vochuJ9/WfTZNq+rHQjfCj8cNl9jpdfrWqz3rpVovjw==", "song"=>{"title"=>"Flood", "artist_name"=>"They Might Be Giants"}, "commit"=>"Create Song"}
  [1m[36mArtist Load (0.1ms)[0m  [1mSELECT  "artists".* FROM "artists" WHERE "artists"."name" = ? LIMIT 1[0m  [["name", "They Might Be Giants"]]
  [1m[35m (0.1ms)[0m  begin transaction
  [1m[36mSQL (0.4ms)[0m  [1mINSERT INTO "artists" ("name", "created_at", "updated_at") VALUES (?, ?, ?)[0m  [["name", "They Might Be Giants"], ["created_at", "2016-01-27 04:06:26.282701"], ["updated_at", "2016-01-27 04:06:26.282701"]]
  [1m[35m (0.7ms)[0m  commit transaction
  [1m[36m (0.0ms)[0m  [1mbegin transaction[0m
  [1m[35mSQL (0.3ms)[0m  INSERT INTO "songs" ("title", "artist_id", "created_at", "updated_at") VALUES (?, ?, ?, ?)  [["title", "Flood"], ["artist_id", 2], ["created_at", "2016-01-27 04:06:26.286464"], ["updated_at", "2016-01-27 04:06:26.286464"]]
  [1m[36m (0.7ms)[0m  [1mcommit transaction[0m
Redirected to http://localhost:3000/songs/2
Completed 302 Found in 14ms (ActiveRecord: 2.6ms)


Started GET "/songs/2" for ::1 at 2016-01-26 23:06:26 -0500
Processing by SongsController#show as HTML
  Parameters: {"id"=>"2"}
  [1m[35mSong Load (0.2ms)[0m  SELECT  "songs".* FROM "songs" WHERE "songs"."id" = ? LIMIT 1  [["id", 2]]
  [1m[36mArtist Load (0.2ms)[0m  [1mSELECT  "artists".* FROM "artists" WHERE "artists"."id" = ? LIMIT 1[0m  [["id", 2]]
  Rendered songs/show.html.erb within layouts/application (8.2ms)
Completed 200 OK in 15ms (Views: 13.2ms | ActiveRecord: 0.3ms)


Started GET "/songs" for ::1 at 2016-01-26 23:06:29 -0500
Processing by SongsController#index as HTML
  [1m[35mSong Load (0.1ms)[0m  SELECT "songs".* FROM "songs"
  [1m[36mArtist Load (0.1ms)[0m  [1mSELECT  "artists".* FROM "artists" WHERE "artists"."id" = ? LIMIT 1[0m  [["id", 1]]
  [1m[35mArtist Load (0.1ms)[0m  SELECT  "artists".* FROM "artists" WHERE "artists"."id" = ? LIMIT 1  [["id", 2]]
  Rendered songs/index.html.erb within layouts/application (2.9ms)
Completed 200 OK in 9ms (Views: 8.7ms | ActiveRecord: 0.2ms)


Started GET "/artists/2" for ::1 at 2016-01-26 23:06:32 -0500
Processing by ArtistsController#show as HTML
  Parameters: {"id"=>"2"}
  Rendered artists/show.html.erb within layouts/application (0.4ms)
Completed 200 OK in 7ms (Views: 7.0ms | ActiveRecord: 0.0ms)
  [1m[36mActiveRecord::SchemaMigration Load (0.1ms)[0m  [1mSELECT "schema_migrations".* FROM "schema_migrations"[0m


Started GET "/songs/1/edit" for 127.0.0.1 at 2016-03-14 10:08:26 -0400
  [1m[36mActiveRecord::SchemaMigration Load (0.1ms)[0m  [1mSELECT "schema_migrations".* FROM "schema_migrations"[0m
Processing by SongsController#edit as HTML
  Parameters: {"id"=>"1"}
  [1m[35mSong Load (0.2ms)[0m  SELECT  "songs".* FROM "songs" WHERE "songs"."id" = ? LIMIT 1  [["id", 1]]
  Rendered songs/edit.html.erb within layouts/application (8.5ms)
Completed 500 Internal Server Error in 76ms (ActiveRecord: 0.6ms)

ActionView::Template::Error (undefined method `name' for #<Song:0x00000004424768>):
    1: <h1>Editing <%= @song.name %></h1>
    2: 
    3: 
    4: 
  app/views/songs/edit.html.erb:1:in `_app_views_songs_edit_html_erb___3942512973428704932_35454280'


  Rendered /home/marco/.rvm/gems/ruby-2.2.3/gems/actionpack-4.2.5/lib/action_dispatch/middleware/templates/rescues/_source.erb (24.4ms)
  Rendered /home/marco/.rvm/gems/ruby-2.2.3/gems/actionpack-4.2.5/lib/action_dispatch/middleware/templates/rescues/_trace.html.erb (12.0ms)
  Rendered /home/marco/.rvm/gems/ruby-2.2.3/gems/actionpack-4.2.5/lib/action_dispatch/middleware/templates/rescues/_request_and_response.html.erb (27.4ms)
  Rendered /home/marco/.rvm/gems/ruby-2.2.3/gems/actionpack-4.2.5/lib/action_dispatch/middleware/templates/rescues/template_error.html.erb within rescues/layout (113.8ms)
  Rendered /home/marco/.rvm/gems/ruby-2.2.3/gems/web-console-2.2.1/lib/web_console/templates/_markup.html.erb (3.5ms)
  Rendered /home/marco/.rvm/gems/ruby-2.2.3/gems/web-console-2.2.1/lib/web_console/templates/_inner_console_markup.html.erb within layouts/inlined_string (0.6ms)
  Rendered /home/marco/.rvm/gems/ruby-2.2.3/gems/web-console-2.2.1/lib/web_console/templates/_prompt_box_markup.html.erb within layouts/inlined_string (0.4ms)
  Rendered /home/marco/.rvm/gems/ruby-2.2.3/gems/web-console-2.2.1/lib/web_console/templates/style.css.erb within layouts/inlined_string (0.4ms)
  Rendered /home/marco/.rvm/gems/ruby-2.2.3/gems/web-console-2.2.1/lib/web_console/templates/console.js.erb within layouts/javascript (38.8ms)
  Rendered /home/marco/.rvm/gems/ruby-2.2.3/gems/web-console-2.2.1/lib/web_console/templates/main.js.erb within layouts/javascript (0.2ms)
  Rendered /home/marco/.rvm/gems/ruby-2.2.3/gems/web-console-2.2.1/lib/web_console/templates/error_page.js.erb within layouts/javascript (0.5ms)
  Rendered /home/marco/.rvm/gems/ruby-2.2.3/gems/web-console-2.2.1/lib/web_console/templates/index.html.erb (89.9ms)


Started GET "/songs" for 127.0.0.1 at 2016-03-14 10:08:51 -0400
Processing by SongsController#index as HTML
  [1m[36mSong Load (0.2ms)[0m  [1mSELECT "songs".* FROM "songs"[0m
  Rendered songs/index.html.erb within layouts/application (7.7ms)
Completed 200 OK in 431ms (Views: 430.4ms | ActiveRecord: 0.2ms)


Started GET "/songs/1" for 127.0.0.1 at 2016-03-14 10:08:55 -0400
Processing by SongsController#show as HTML
  Parameters: {"id"=>"1"}
  [1m[35mSong Load (0.2ms)[0m  SELECT  "songs".* FROM "songs" WHERE "songs"."id" = ? LIMIT 1  [["id", 1]]
  [1m[36mArtist Load (0.1ms)[0m  [1mSELECT  "artists".* FROM "artists" WHERE "artists"."id" = ? LIMIT 1[0m  [["id", 1]]
  Rendered songs/show.html.erb within layouts/application (131.4ms)
Completed 200 OK in 141ms (Views: 137.3ms | ActiveRecord: 0.6ms)


Started GET "/songs" for 127.0.0.1 at 2016-03-14 10:09:02 -0400
Processing by SongsController#index as HTML
  [1m[35mSong Load (0.2ms)[0m  SELECT "songs".* FROM "songs"
  Rendered songs/index.html.erb within layouts/application (4.3ms)
Completed 200 OK in 17ms (Views: 16.4ms | ActiveRecord: 0.2ms)


Started GET "/songs/2" for 127.0.0.1 at 2016-03-14 10:09:04 -0400
Processing by SongsController#show as HTML
  Parameters: {"id"=>"2"}
  [1m[36mSong Load (1.8ms)[0m  [1mSELECT  "songs".* FROM "songs" WHERE "songs"."id" = ? LIMIT 1[0m  [["id", 2]]
  [1m[35mArtist Load (0.1ms)[0m  SELECT  "artists".* FROM "artists" WHERE "artists"."id" = ? LIMIT 1  [["id", 2]]
  Rendered songs/show.html.erb within layouts/application (4.7ms)
Completed 200 OK in 15ms (Views: 12.8ms | ActiveRecord: 1.9ms)


Started GET "/songs/2" for 127.0.0.1 at 2016-03-14 10:09:08 -0400
Processing by SongsController#show as HTML
  Parameters: {"id"=>"2"}
  [1m[36mSong Load (0.1ms)[0m  [1mSELECT  "songs".* FROM "songs" WHERE "songs"."id" = ? LIMIT 1[0m  [["id", 2]]
  [1m[35mArtist Load (1.4ms)[0m  SELECT  "artists".* FROM "artists" WHERE "artists"."id" = ? LIMIT 1  [["id", 2]]
  Rendered songs/show.html.erb within layouts/application (3.4ms)
Completed 200 OK in 18ms (Views: 13.8ms | ActiveRecord: 1.5ms)


Started GET "/songs/2" for 127.0.0.1 at 2016-03-14 10:09:09 -0400
Processing by SongsController#show as HTML
  Parameters: {"id"=>"2"}
  [1m[36mSong Load (0.2ms)[0m  [1mSELECT  "songs".* FROM "songs" WHERE "songs"."id" = ? LIMIT 1[0m  [["id", 2]]
  [1m[35mArtist Load (0.1ms)[0m  SELECT  "artists".* FROM "artists" WHERE "artists"."id" = ? LIMIT 1  [["id", 2]]
  Rendered songs/show.html.erb within layouts/application (2.2ms)
Completed 200 OK in 15ms (Views: 14.3ms | ActiveRecord: 0.2ms)


Started GET "/songs/2" for 127.0.0.1 at 2016-03-14 10:09:10 -0400
Processing by SongsController#show as HTML
  Parameters: {"id"=>"2"}
  [1m[36mSong Load (0.1ms)[0m  [1mSELECT  "songs".* FROM "songs" WHERE "songs"."id" = ? LIMIT 1[0m  [["id", 2]]
  [1m[35mArtist Load (0.1ms)[0m  SELECT  "artists".* FROM "artists" WHERE "artists"."id" = ? LIMIT 1  [["id", 2]]
  Rendered songs/show.html.erb within layouts/application (3.0ms)
Completed 200 OK in 11ms (Views: 10.5ms | ActiveRecord: 0.2ms)


Started GET "/songs" for 127.0.0.1 at 2016-03-14 10:09:11 -0400
Processing by SongsController#index as HTML
  [1m[36mSong Load (4.0ms)[0m  [1mSELECT "songs".* FROM "songs"[0m
  Rendered songs/index.html.erb within layouts/application (5.0ms)
Completed 200 OK in 14ms (Views: 9.2ms | ActiveRecord: 4.0ms)


Started GET "/songs/1" for 127.0.0.1 at 2016-03-14 10:09:15 -0400
Processing by SongsController#show as HTML
  Parameters: {"id"=>"1"}
  [1m[35mSong Load (0.1ms)[0m  SELECT  "songs".* FROM "songs" WHERE "songs"."id" = ? LIMIT 1  [["id", 1]]
  [1m[36mArtist Load (0.1ms)[0m  [1mSELECT  "artists".* FROM "artists" WHERE "artists"."id" = ? LIMIT 1[0m  [["id", 1]]
  Rendered songs/show.html.erb within layouts/application (6.5ms)
Completed 200 OK in 13ms (Views: 11.1ms | ActiveRecord: 0.2ms)


Started GET "/artists/1" for 127.0.0.1 at 2016-03-14 10:09:16 -0400
Processing by ArtistsController#show as HTML
  Parameters: {"id"=>"1"}
  Rendered artists/show.html.erb within layouts/application (0.5ms)
Completed 200 OK in 13ms (Views: 12.6ms | ActiveRecord: 0.0ms)


Started GET "/songs/new" for 127.0.0.1 at 2016-03-14 10:09:25 -0400
Processing by SongsController#new as HTML
  Rendered songs/new.html.erb within layouts/application (120.5ms)
Completed 500 Internal Server Error in 123ms (ActiveRecord: 0.0ms)

ActionView::Template::Error (undefined method `name' for nil:NilClass):
    4:   <%= f.label :title %>
    5:   <%= f.text_field :title %><br>
    6:   <%= f.label :artist_name %>
    7:   <%= f.text_field :artist_name %>
    8:   <br />
    9: 
   10:   <%= f.submit %>
  app/models/song.rb:5:in `artist_name'
  app/views/songs/new.html.erb:7:in `block in _app_views_songs_new_html_erb__3176248892846220524_33215220'
  app/views/songs/new.html.erb:3:in `_app_views_songs_new_html_erb__3176248892846220524_33215220'


  Rendered /home/marco/.rvm/gems/ruby-2.2.3/gems/actionpack-4.2.5/lib/action_dispatch/middleware/templates/rescues/_source.erb (22.9ms)
  Rendered /home/marco/.rvm/gems/ruby-2.2.3/gems/actionpack-4.2.5/lib/action_dispatch/middleware/templates/rescues/_trace.html.erb (5.1ms)
  Rendered /home/marco/.rvm/gems/ruby-2.2.3/gems/actionpack-4.2.5/lib/action_dispatch/middleware/templates/rescues/_request_and_response.html.erb (6.0ms)
  Rendered /home/marco/.rvm/gems/ruby-2.2.3/gems/actionpack-4.2.5/lib/action_dispatch/middleware/templates/rescues/template_error.html.erb within rescues/layout (67.9ms)
  Rendered /home/marco/.rvm/gems/ruby-2.2.3/gems/web-console-2.2.1/lib/web_console/templates/_markup.html.erb (0.5ms)
  Rendered /home/marco/.rvm/gems/ruby-2.2.3/gems/web-console-2.2.1/lib/web_console/templates/_inner_console_markup.html.erb within layouts/inlined_string (0.4ms)
  Rendered /home/marco/.rvm/gems/ruby-2.2.3/gems/web-console-2.2.1/lib/web_console/templates/_prompt_box_markup.html.erb within layouts/inlined_string (0.4ms)
  Rendered /home/marco/.rvm/gems/ruby-2.2.3/gems/web-console-2.2.1/lib/web_console/templates/style.css.erb within layouts/inlined_string (0.4ms)
  Rendered /home/marco/.rvm/gems/ruby-2.2.3/gems/web-console-2.2.1/lib/web_console/templates/console.js.erb within layouts/javascript (37.4ms)
  Rendered /home/marco/.rvm/gems/ruby-2.2.3/gems/web-console-2.2.1/lib/web_console/templates/main.js.erb within layouts/javascript (0.4ms)
  Rendered /home/marco/.rvm/gems/ruby-2.2.3/gems/web-console-2.2.1/lib/web_console/templates/error_page.js.erb within layouts/javascript (0.5ms)
  Rendered /home/marco/.rvm/gems/ruby-2.2.3/gems/web-console-2.2.1/lib/web_console/templates/index.html.erb (79.4ms)


Started GET "/songs/new" for 127.0.0.1 at 2016-03-14 10:11:51 -0400
Processing by SongsController#new as HTML
Completed 500 Internal Server Error in 3ms (ActiveRecord: 0.0ms)

SyntaxError (/home/marco/learn/refactoring-views-with-helpers-lab-v-000/app/models/song.rb:5: syntax error, unexpected ':'
  	self.artist? self.artist.name : nil 
  	                               ^):
  app/models/song.rb:5: syntax error, unexpected ':'
  app/controllers/songs_controller.rb:11:in `new'


  Rendered /home/marco/.rvm/gems/ruby-2.2.3/gems/actionpack-4.2.5/lib/action_dispatch/middleware/templates/rescues/_source.erb (16.9ms)
  Rendered /home/marco/.rvm/gems/ruby-2.2.3/gems/actionpack-4.2.5/lib/action_dispatch/middleware/templates/rescues/_trace.html.erb (7.1ms)
  Rendered /home/marco/.rvm/gems/ruby-2.2.3/gems/actionpack-4.2.5/lib/action_dispatch/middleware/templates/rescues/_request_and_response.html.erb (9.8ms)
  Rendered /home/marco/.rvm/gems/ruby-2.2.3/gems/actionpack-4.2.5/lib/action_dispatch/middleware/templates/rescues/diagnostics.html.erb within rescues/layout (63.2ms)
  Rendered /home/marco/.rvm/gems/ruby-2.2.3/gems/web-console-2.2.1/lib/web_console/templates/_markup.html.erb (0.5ms)
  Rendered /home/marco/.rvm/gems/ruby-2.2.3/gems/web-console-2.2.1/lib/web_console/templates/_inner_console_markup.html.erb within layouts/inlined_string (0.5ms)
  Rendered /home/marco/.rvm/gems/ruby-2.2.3/gems/web-console-2.2.1/lib/web_console/templates/_prompt_box_markup.html.erb within layouts/inlined_string (0.4ms)
  Rendered /home/marco/.rvm/gems/ruby-2.2.3/gems/web-console-2.2.1/lib/web_console/templates/style.css.erb within layouts/inlined_string (0.3ms)
  Rendered /home/marco/.rvm/gems/ruby-2.2.3/gems/web-console-2.2.1/lib/web_console/templates/console.js.erb within layouts/javascript (37.7ms)
  Rendered /home/marco/.rvm/gems/ruby-2.2.3/gems/web-console-2.2.1/lib/web_console/templates/main.js.erb within layouts/javascript (0.5ms)
  Rendered /home/marco/.rvm/gems/ruby-2.2.3/gems/web-console-2.2.1/lib/web_console/templates/error_page.js.erb within layouts/javascript (3.1ms)
  Rendered /home/marco/.rvm/gems/ruby-2.2.3/gems/web-console-2.2.1/lib/web_console/templates/index.html.erb (90.9ms)


Started GET "/songs/new" for 127.0.0.1 at 2016-03-14 10:12:15 -0400
Processing by SongsController#new as HTML
  Rendered songs/new.html.erb within layouts/application (28.1ms)
Completed 200 OK in 66ms (Views: 49.1ms | ActiveRecord: 0.5ms)


Started GET "/assets/application.self-e80e8f2318043e8af94dddc2adad5a4f09739a8ebb323b3ab31cd71d45fd9113.css?body=1" for 127.0.0.1 at 2016-03-14 10:12:15 -0400


Started POST "/songs" for 127.0.0.1 at 2016-03-14 10:12:17 -0400
Processing by SongsController#create as HTML
  Parameters: {"utf8"=>"✓", "authenticity_token"=>"L060O8gEZHG3pU/2MF9Y4XXj+F+6Abo66ufLY/gtmnBK1c8ambJRKkJlMM1/zaM3ptFa0VHt6HnfD31MMvZqdQ==", "song"=>{"title"=>"qwerwer", "artist_name"=>""}, "commit"=>"Create Song"}
  [1m[35mArtist Load (0.2ms)[0m  SELECT  "artists".* FROM "artists" WHERE "artists"."name" = ? LIMIT 1  [["name", ""]]
  [1m[36m (0.1ms)[0m  [1mbegin transaction[0m
  [1m[35mSQL (2.3ms)[0m  INSERT INTO "artists" ("name", "created_at", "updated_at") VALUES (?, ?, ?)  [["name", ""], ["created_at", "2016-03-14 14:12:18.007411"], ["updated_at", "2016-03-14 14:12:18.007411"]]
  [1m[36m (8.5ms)[0m  [1mcommit transaction[0m
  [1m[35m (0.1ms)[0m  begin transaction
  [1m[36mSQL (0.2ms)[0m  [1mINSERT INTO "songs" ("title", "artist_id", "created_at", "updated_at") VALUES (?, ?, ?, ?)[0m  [["title", "qwerwer"], ["artist_id", 3], ["created_at", "2016-03-14 14:12:18.020730"], ["updated_at", "2016-03-14 14:12:18.020730"]]
  [1m[35m (9.7ms)[0m  commit transaction
Redirected to http://localhost:3000/songs/3
Completed 302 Found in 42ms (ActiveRecord: 23.7ms)


Started GET "/songs/3" for 127.0.0.1 at 2016-03-14 10:12:18 -0400
Processing by SongsController#show as HTML
  Parameters: {"id"=>"3"}
  [1m[36mSong Load (3.1ms)[0m  [1mSELECT  "songs".* FROM "songs" WHERE "songs"."id" = ? LIMIT 1[0m  [["id", 3]]
  [1m[35mArtist Load (0.2ms)[0m  SELECT  "artists".* FROM "artists" WHERE "artists"."id" = ? LIMIT 1  [["id", 3]]
  Rendered songs/show.html.erb within layouts/application (5.2ms)
Completed 200 OK in 27ms (Views: 21.7ms | ActiveRecord: 3.3ms)


Started GET "/songs/3" for 127.0.0.1 at 2016-03-14 10:17:26 -0400
Processing by SongsController#show as HTML
  Parameters: {"id"=>"3"}
  [1m[36mSong Load (0.1ms)[0m  [1mSELECT  "songs".* FROM "songs" WHERE "songs"."id" = ? LIMIT 1[0m  [["id", 3]]
  Rendered songs/show.html.erb within layouts/application (1.1ms)
Completed 500 Internal Server Error in 6ms (ActiveRecord: 0.1ms)

SyntaxError (/home/marco/learn/refactoring-views-with-helpers-lab-v-000/app/views/songs/show.html.erb:4: syntax error, unexpected ')', expecting =>
...rtist", edit_song_path(@song) );@output_buffer.safe_append='
...                               ^
/home/marco/learn/refactoring-views-with-helpers-lab-v-000/app/views/songs/show.html.erb:5: syntax error, unexpected keyword_end, expecting ')'
'.freeze; end 
             ^
/home/marco/learn/refactoring-views-with-helpers-lab-v-000/app/views/songs/show.html.erb:11: syntax error, unexpected keyword_ensure, expecting ')'
/home/marco/learn/refactoring-views-with-helpers-lab-v-000/app/views/songs/show.html.erb:13: syntax error, unexpected keyword_end, expecting ')'):
  app/views/songs/show.html.erb:4: syntax error, unexpected ')', expecting =>
  app/views/songs/show.html.erb:5: syntax error, unexpected keyword_end, expecting ')'
  app/views/songs/show.html.erb:11: syntax error, unexpected keyword_ensure, expecting ')'
  app/views/songs/show.html.erb:13: syntax error, unexpected keyword_end, expecting ')'


  Rendered /home/marco/.rvm/gems/ruby-2.2.3/gems/actionpack-4.2.5/lib/action_dispatch/middleware/templates/rescues/_source.erb (29.7ms)
  Rendered /home/marco/.rvm/gems/ruby-2.2.3/gems/actionpack-4.2.5/lib/action_dispatch/middleware/templates/rescues/_trace.html.erb (9.5ms)
  Rendered /home/marco/.rvm/gems/ruby-2.2.3/gems/actionpack-4.2.5/lib/action_dispatch/middleware/templates/rescues/_request_and_response.html.erb (3.1ms)
  Rendered /home/marco/.rvm/gems/ruby-2.2.3/gems/actionpack-4.2.5/lib/action_dispatch/middleware/templates/rescues/diagnostics.html.erb within rescues/layout (77.5ms)
  Rendered /home/marco/.rvm/gems/ruby-2.2.3/gems/web-console-2.2.1/lib/web_console/templates/_markup.html.erb (0.3ms)
  Rendered /home/marco/.rvm/gems/ruby-2.2.3/gems/web-console-2.2.1/lib/web_console/templates/_inner_console_markup.html.erb within layouts/inlined_string (0.4ms)
  Rendered /home/marco/.rvm/gems/ruby-2.2.3/gems/web-console-2.2.1/lib/web_console/templates/_prompt_box_markup.html.erb within layouts/inlined_string (0.4ms)
  Rendered /home/marco/.rvm/gems/ruby-2.2.3/gems/web-console-2.2.1/lib/web_console/templates/style.css.erb within layouts/inlined_string (0.4ms)
  Rendered /home/marco/.rvm/gems/ruby-2.2.3/gems/web-console-2.2.1/lib/web_console/templates/console.js.erb within layouts/javascript (37.2ms)
  Rendered /home/marco/.rvm/gems/ruby-2.2.3/gems/web-console-2.2.1/lib/web_console/templates/main.js.erb within layouts/javascript (0.4ms)
  Rendered /home/marco/.rvm/gems/ruby-2.2.3/gems/web-console-2.2.1/lib/web_console/templates/error_page.js.erb within layouts/javascript (0.6ms)
  Rendered /home/marco/.rvm/gems/ruby-2.2.3/gems/web-console-2.2.1/lib/web_console/templates/index.html.erb (75.7ms)


Started GET "/songs/3" for 127.0.0.1 at 2016-03-14 10:18:31 -0400
Processing by SongsController#show as HTML
  Parameters: {"id"=>"3"}
  [1m[35mSong Load (0.1ms)[0m  SELECT  "songs".* FROM "songs" WHERE "songs"."id" = ? LIMIT 1  [["id", 3]]
  [1m[36mArtist Load (1.9ms)[0m  [1mSELECT  "artists".* FROM "artists" WHERE "artists"."id" = ? LIMIT 1[0m  [["id", 3]]
  Rendered songs/show.html.erb within layouts/application (5.5ms)
Completed 200 OK in 42ms (Views: 20.0ms | ActiveRecord: 2.0ms)


Started GET "/assets/application.self-e80e8f2318043e8af94dddc2adad5a4f09739a8ebb323b3ab31cd71d45fd9113.css?body=1" for 127.0.0.1 at 2016-03-14 10:18:31 -0400


Started GET "/songs/3" for 127.0.0.1 at 2016-03-14 10:20:00 -0400
Processing by SongsController#show as HTML
  Parameters: {"id"=>"3"}
  [1m[35mSong Load (0.1ms)[0m  SELECT  "songs".* FROM "songs" WHERE "songs"."id" = ? LIMIT 1  [["id", 3]]
  [1m[36mArtist Load (0.1ms)[0m  [1mSELECT  "artists".* FROM "artists" WHERE "artists"."id" = ? LIMIT 1[0m  [["id", 3]]
  Rendered songs/show.html.erb within layouts/application (4.8ms)
Completed 200 OK in 18ms (Views: 17.0ms | ActiveRecord: 0.2ms)


Started GET "/assets/application.self-e80e8f2318043e8af94dddc2adad5a4f09739a8ebb323b3ab31cd71d45fd9113.css?body=1" for 127.0.0.1 at 2016-03-14 10:20:00 -0400


Started GET "/songs/3" for 127.0.0.1 at 2016-03-14 10:20:02 -0400
Processing by SongsController#show as HTML
  Parameters: {"id"=>"3"}
  [1m[35mSong Load (0.1ms)[0m  SELECT  "songs".* FROM "songs" WHERE "songs"."id" = ? LIMIT 1  [["id", 3]]
  [1m[36mArtist Load (0.1ms)[0m  [1mSELECT  "artists".* FROM "artists" WHERE "artists"."id" = ? LIMIT 1[0m  [["id", 3]]
  Rendered songs/show.html.erb within layouts/application (4.9ms)
Completed 200 OK in 18ms (Views: 16.7ms | ActiveRecord: 0.2ms)


Started GET "/assets/application.self-e80e8f2318043e8af94dddc2adad5a4f09739a8ebb323b3ab31cd71d45fd9113.css?body=1" for 127.0.0.1 at 2016-03-14 10:20:02 -0400


Started GET "/songs/3" for 127.0.0.1 at 2016-03-14 10:20:04 -0400
Processing by SongsController#show as HTML
  Parameters: {"id"=>"3"}
  [1m[35mSong Load (0.1ms)[0m  SELECT  "songs".* FROM "songs" WHERE "songs"."id" = ? LIMIT 1  [["id", 3]]
  [1m[36mArtist Load (0.1ms)[0m  [1mSELECT  "artists".* FROM "artists" WHERE "artists"."id" = ? LIMIT 1[0m  [["id", 3]]
  Rendered songs/show.html.erb within layouts/application (4.1ms)
Completed 200 OK in 12ms (Views: 11.4ms | ActiveRecord: 0.2ms)


Started GET "/assets/application.self-e80e8f2318043e8af94dddc2adad5a4f09739a8ebb323b3ab31cd71d45fd9113.css?body=1" for 127.0.0.1 at 2016-03-14 10:20:04 -0400


Started GET "/songs/3" for 127.0.0.1 at 2016-03-14 10:20:05 -0400
Processing by SongsController#show as HTML
  Parameters: {"id"=>"3"}
  [1m[35mSong Load (2.6ms)[0m  SELECT  "songs".* FROM "songs" WHERE "songs"."id" = ? LIMIT 1  [["id", 3]]
  [1m[36mArtist Load (0.1ms)[0m  [1mSELECT  "artists".* FROM "artists" WHERE "artists"."id" = ? LIMIT 1[0m  [["id", 3]]
  Rendered songs/show.html.erb within layouts/application (3.3ms)
Completed 200 OK in 17ms (Views: 12.4ms | ActiveRecord: 2.7ms)


Started GET "/assets/application.self-e80e8f2318043e8af94dddc2adad5a4f09739a8ebb323b3ab31cd71d45fd9113.css?body=1" for 127.0.0.1 at 2016-03-14 10:20:05 -0400


Started GET "/songs/3" for 127.0.0.1 at 2016-03-14 10:20:06 -0400
Processing by SongsController#show as HTML
  Parameters: {"id"=>"3"}
  [1m[35mSong Load (0.1ms)[0m  SELECT  "songs".* FROM "songs" WHERE "songs"."id" = ? LIMIT 1  [["id", 3]]
  [1m[36mArtist Load (0.1ms)[0m  [1mSELECT  "artists".* FROM "artists" WHERE "artists"."id" = ? LIMIT 1[0m  [["id", 3]]
  Rendered songs/show.html.erb within layouts/application (4.2ms)
Completed 200 OK in 17ms (Views: 13.8ms | ActiveRecord: 0.2ms)


Started GET "/assets/application.self-e80e8f2318043e8af94dddc2adad5a4f09739a8ebb323b3ab31cd71d45fd9113.css?body=1" for 127.0.0.1 at 2016-03-14 10:20:06 -0400


Started GET "/songs/new" for 127.0.0.1 at 2016-03-14 10:21:09 -0400
Processing by SongsController#new as HTML
  Rendered songs/new.html.erb within layouts/application (20.2ms)
Completed 200 OK in 88ms (Views: 63.3ms | ActiveRecord: 0.5ms)


Started GET "/songs/new" for 127.0.0.1 at 2016-03-14 10:21:09 -0400
Processing by SongsController#new as HTML
  Rendered songs/new.html.erb within layouts/application (6.4ms)
Completed 200 OK in 21ms (Views: 20.2ms | ActiveRecord: 0.0ms)


Started POST "/songs" for 127.0.0.1 at 2016-03-14 10:21:15 -0400
Processing by SongsController#create as HTML
  Parameters: {"utf8"=>"✓", "authenticity_token"=>"54aRpjwtScbCynR5iTNRLt640bOGywbJPTQoE2bpmrSCHeqHbZt8nTcKC0LGoar4DYpzPW0nVIoI3J48rDJqsQ==", "song"=>{"title"=>"werwr", "artist_name"=>""}, "commit"=>"Create Song"}
  [1m[35mArtist Load (0.3ms)[0m  SELECT  "artists".* FROM "artists" WHERE "artists"."name" = ? LIMIT 1  [["name", ""]]
  [1m[36m (0.1ms)[0m  [1mbegin transaction[0m
  [1m[35mSQL (2.6ms)[0m  INSERT INTO "songs" ("title", "artist_id", "created_at", "updated_at") VALUES (?, ?, ?, ?)  [["title", "werwr"], ["artist_id", 3], ["created_at", "2016-03-14 14:21:15.101977"], ["updated_at", "2016-03-14 14:21:15.101977"]]
  [1m[36m (8.1ms)[0m  [1mcommit transaction[0m
Redirected to http://localhost:3000/songs/4
Completed 302 Found in 31ms (ActiveRecord: 11.3ms)


Started GET "/songs/4" for 127.0.0.1 at 2016-03-14 10:21:15 -0400
Processing by SongsController#show as HTML
  Parameters: {"id"=>"4"}
  [1m[35mSong Load (0.2ms)[0m  SELECT  "songs".* FROM "songs" WHERE "songs"."id" = ? LIMIT 1  [["id", 4]]
  [1m[36mArtist Load (0.2ms)[0m  [1mSELECT  "artists".* FROM "artists" WHERE "artists"."id" = ? LIMIT 1[0m  [["id", 3]]
Completed 500 Internal Server Error in 5ms (ActiveRecord: 0.4ms)

TypeError (exception class/object expected):
  app/controllers/songs_controller.rb:8:in `raise'
  app/controllers/songs_controller.rb:8:in `show'


  Rendered /home/marco/.rvm/gems/ruby-2.2.3/gems/actionpack-4.2.5/lib/action_dispatch/middleware/templates/rescues/_source.erb (15.1ms)
  Rendered /home/marco/.rvm/gems/ruby-2.2.3/gems/actionpack-4.2.5/lib/action_dispatch/middleware/templates/rescues/_trace.html.erb (8.2ms)
  Rendered /home/marco/.rvm/gems/ruby-2.2.3/gems/actionpack-4.2.5/lib/action_dispatch/middleware/templates/rescues/_request_and_response.html.erb (3.8ms)
  Rendered /home/marco/.rvm/gems/ruby-2.2.3/gems/actionpack-4.2.5/lib/action_dispatch/middleware/templates/rescues/diagnostics.html.erb within rescues/layout (61.1ms)
  Rendered /home/marco/.rvm/gems/ruby-2.2.3/gems/web-console-2.2.1/lib/web_console/templates/_markup.html.erb (0.6ms)
  Rendered /home/marco/.rvm/gems/ruby-2.2.3/gems/web-console-2.2.1/lib/web_console/templates/_inner_console_markup.html.erb within layouts/inlined_string (0.5ms)
  Rendered /home/marco/.rvm/gems/ruby-2.2.3/gems/web-console-2.2.1/lib/web_console/templates/_prompt_box_markup.html.erb within layouts/inlined_string (0.4ms)
  Rendered /home/marco/.rvm/gems/ruby-2.2.3/gems/web-console-2.2.1/lib/web_console/templates/style.css.erb within layouts/inlined_string (1.1ms)
  Rendered /home/marco/.rvm/gems/ruby-2.2.3/gems/web-console-2.2.1/lib/web_console/templates/console.js.erb within layouts/javascript (43.5ms)
  Rendered /home/marco/.rvm/gems/ruby-2.2.3/gems/web-console-2.2.1/lib/web_console/templates/main.js.erb within layouts/javascript (0.4ms)
  Rendered /home/marco/.rvm/gems/ruby-2.2.3/gems/web-console-2.2.1/lib/web_console/templates/error_page.js.erb within layouts/javascript (0.5ms)
  Rendered /home/marco/.rvm/gems/ruby-2.2.3/gems/web-console-2.2.1/lib/web_console/templates/index.html.erb (81.4ms)
  [1m[36m (0.1ms)[0m  [1mbegin transaction[0m
  [1m[35mSQL (0.7ms)[0m  INSERT INTO "songs" ("title", "created_at", "updated_at") VALUES (?, ?, ?)  [["title", "g"], ["created_at", "2016-03-14 14:21:43.978335"], ["updated_at", "2016-03-14 14:21:43.978335"]]
  [1m[36m (12.1ms)[0m  [1mcommit transaction[0m


Started GET "/songs/4" for 127.0.0.1 at 2016-03-14 10:22:31 -0400
  [1m[36mActiveRecord::SchemaMigration Load (0.2ms)[0m  [1mSELECT "schema_migrations".* FROM "schema_migrations"[0m
Processing by SongsController#show as HTML
  Parameters: {"id"=>"4"}
  [1m[35mSong Load (4.3ms)[0m  SELECT  "songs".* FROM "songs" WHERE "songs"."id" = ? LIMIT 1  [["id", 4]]
  [1m[36mArtist Load (0.2ms)[0m  [1mSELECT  "artists".* FROM "artists" WHERE "artists"."id" = ? LIMIT 1[0m  [["id", 3]]
Completed 500 Internal Server Error in 95ms (ActiveRecord: 5.2ms)

RuntimeError (#<Artist id: 3, name: "", created_at: "2016-03-14 14:12:18", updated_at: "2016-03-14 14:12:18">):
  app/controllers/songs_controller.rb:8:in `show'


  Rendered /home/marco/.rvm/gems/ruby-2.2.3/gems/actionpack-4.2.5/lib/action_dispatch/middleware/templates/rescues/_source.erb (15.6ms)
  Rendered /home/marco/.rvm/gems/ruby-2.2.3/gems/actionpack-4.2.5/lib/action_dispatch/middleware/templates/rescues/_trace.html.erb (3.0ms)
  Rendered /home/marco/.rvm/gems/ruby-2.2.3/gems/actionpack-4.2.5/lib/action_dispatch/middleware/templates/rescues/_request_and_response.html.erb (23.3ms)
  Rendered /home/marco/.rvm/gems/ruby-2.2.3/gems/actionpack-4.2.5/lib/action_dispatch/middleware/templates/rescues/diagnostics.html.erb within rescues/layout (75.4ms)
  Rendered /home/marco/.rvm/gems/ruby-2.2.3/gems/web-console-2.2.1/lib/web_console/templates/_markup.html.erb (0.6ms)
  Rendered /home/marco/.rvm/gems/ruby-2.2.3/gems/web-console-2.2.1/lib/web_console/templates/_inner_console_markup.html.erb within layouts/inlined_string (0.4ms)
  Rendered /home/marco/.rvm/gems/ruby-2.2.3/gems/web-console-2.2.1/lib/web_console/templates/_prompt_box_markup.html.erb within layouts/inlined_string (0.9ms)
  Rendered /home/marco/.rvm/gems/ruby-2.2.3/gems/web-console-2.2.1/lib/web_console/templates/style.css.erb within layouts/inlined_string (0.6ms)
  Rendered /home/marco/.rvm/gems/ruby-2.2.3/gems/web-console-2.2.1/lib/web_console/templates/console.js.erb within layouts/javascript (51.4ms)
  Rendered /home/marco/.rvm/gems/ruby-2.2.3/gems/web-console-2.2.1/lib/web_console/templates/main.js.erb within layouts/javascript (0.4ms)
  Rendered /home/marco/.rvm/gems/ruby-2.2.3/gems/web-console-2.2.1/lib/web_console/templates/error_page.js.erb within layouts/javascript (0.5ms)
  Rendered /home/marco/.rvm/gems/ruby-2.2.3/gems/web-console-2.2.1/lib/web_console/templates/index.html.erb (108.5ms)


Started GET "/songs/new" for 127.0.0.1 at 2016-03-14 10:22:46 -0400
Processing by SongsController#new as HTML
  Rendered songs/new.html.erb within layouts/application (40.7ms)
Completed 200 OK in 270ms (Views: 269.7ms | ActiveRecord: 0.0ms)


Started GET "/songs/new" for 127.0.0.1 at 2016-03-14 10:22:47 -0400
Processing by SongsController#new as HTML
  Rendered songs/new.html.erb within layouts/application (6.8ms)
Completed 200 OK in 23ms (Views: 22.4ms | ActiveRecord: 0.0ms)


Started POST "/songs" for 127.0.0.1 at 2016-03-14 10:22:54 -0400
Processing by SongsController#create as HTML
  Parameters: {"utf8"=>"✓", "authenticity_token"=>"OWg7tnBbR4OylmQbAumQ/1W+g1BQdtqYj9xGkp5HqwNc80CXIe1y2EdWGyBNe2sphowh3ruaiNu6NPC9VJxbBg==", "song"=>{"title"=>"werwesf", "artist_name"=>""}, "commit"=>"Create Song"}
  [1m[35mArtist Load (0.2ms)[0m  SELECT  "artists".* FROM "artists" WHERE "artists"."name" = ? LIMIT 1  [["name", ""]]
  [1m[36m (0.1ms)[0m  [1mbegin transaction[0m
  [1m[35mSQL (2.5ms)[0m  INSERT INTO "songs" ("title", "artist_id", "created_at", "updated_at") VALUES (?, ?, ?, ?)  [["title", "werwesf"], ["artist_id", 3], ["created_at", "2016-03-14 14:22:54.174518"], ["updated_at", "2016-03-14 14:22:54.174518"]]
  [1m[36m (8.9ms)[0m  [1mcommit transaction[0m
Redirected to http://localhost:3000/songs/6
Completed 302 Found in 22ms (ActiveRecord: 11.8ms)


Started GET "/songs/6" for 127.0.0.1 at 2016-03-14 10:22:54 -0400
Processing by SongsController#show as HTML
  Parameters: {"id"=>"6"}
  [1m[35mSong Load (0.1ms)[0m  SELECT  "songs".* FROM "songs" WHERE "songs"."id" = ? LIMIT 1  [["id", 6]]
  [1m[36mArtist Load (0.1ms)[0m  [1mSELECT  "artists".* FROM "artists" WHERE "artists"."id" = ? LIMIT 1[0m  [["id", 3]]
Completed 500 Internal Server Error in 3ms (ActiveRecord: 0.2ms)

RuntimeError (#<Artist id: 3, name: "", created_at: "2016-03-14 14:12:18", updated_at: "2016-03-14 14:12:18">):
  app/controllers/songs_controller.rb:8:in `show'


  Rendered /home/marco/.rvm/gems/ruby-2.2.3/gems/actionpack-4.2.5/lib/action_dispatch/middleware/templates/rescues/_source.erb (7.2ms)
  Rendered /home/marco/.rvm/gems/ruby-2.2.3/gems/actionpack-4.2.5/lib/action_dispatch/middleware/templates/rescues/_trace.html.erb (13.9ms)
  Rendered /home/marco/.rvm/gems/ruby-2.2.3/gems/actionpack-4.2.5/lib/action_dispatch/middleware/templates/rescues/_request_and_response.html.erb (35.3ms)
  Rendered /home/marco/.rvm/gems/ruby-2.2.3/gems/actionpack-4.2.5/lib/action_dispatch/middleware/templates/rescues/diagnostics.html.erb within rescues/layout (103.0ms)
  Rendered /home/marco/.rvm/gems/ruby-2.2.3/gems/web-console-2.2.1/lib/web_console/templates/_markup.html.erb (0.7ms)
  Rendered /home/marco/.rvm/gems/ruby-2.2.3/gems/web-console-2.2.1/lib/web_console/templates/_inner_console_markup.html.erb within layouts/inlined_string (0.4ms)
  Rendered /home/marco/.rvm/gems/ruby-2.2.3/gems/web-console-2.2.1/lib/web_console/templates/_prompt_box_markup.html.erb within layouts/inlined_string (0.4ms)
  Rendered /home/marco/.rvm/gems/ruby-2.2.3/gems/web-console-2.2.1/lib/web_console/templates/style.css.erb within layouts/inlined_string (0.8ms)
  Rendered /home/marco/.rvm/gems/ruby-2.2.3/gems/web-console-2.2.1/lib/web_console/templates/console.js.erb within layouts/javascript (54.7ms)
  Rendered /home/marco/.rvm/gems/ruby-2.2.3/gems/web-console-2.2.1/lib/web_console/templates/main.js.erb within layouts/javascript (0.8ms)
  Rendered /home/marco/.rvm/gems/ruby-2.2.3/gems/web-console-2.2.1/lib/web_console/templates/error_page.js.erb within layouts/javascript (0.5ms)
  Rendered /home/marco/.rvm/gems/ruby-2.2.3/gems/web-console-2.2.1/lib/web_console/templates/index.html.erb (98.7ms)


Started GET "/songs/new" for 127.0.0.1 at 2016-03-14 10:25:34 -0400
  [1m[36mActiveRecord::SchemaMigration Load (0.3ms)[0m  [1mSELECT "schema_migrations".* FROM "schema_migrations"[0m
Processing by SongsController#new as HTML
  Rendered songs/new.html.erb within layouts/application (79.8ms)
Completed 200 OK in 530ms (Views: 499.5ms | ActiveRecord: 0.4ms)


Started GET "/songs/new" for 127.0.0.1 at 2016-03-14 10:25:35 -0400
Processing by SongsController#new as HTML
  Rendered songs/new.html.erb within layouts/application (5.9ms)
Completed 200 OK in 22ms (Views: 21.3ms | ActiveRecord: 0.0ms)


Started POST "/songs" for 127.0.0.1 at 2016-03-14 10:25:40 -0400
Processing by SongsController#create as HTML
  Parameters: {"utf8"=>"✓", "authenticity_token"=>"7nemxiPIlAJb4mQP7ICkFx9/arCFM5NoY0xIsFbiBDCL7N3ncn6hWa4iGzSjEl/BzE3IPm7fwStWpP6fnDn0NQ==", "song"=>{"title"=>"sdfsdf", "artist_name"=>""}, "commit"=>"Create Song"}
  [1m[35m (0.1ms)[0m  begin transaction
  [1m[36mSQL (5.2ms)[0m  [1mINSERT INTO "songs" ("title", "created_at", "updated_at") VALUES (?, ?, ?)[0m  [["title", "sdfsdf"], ["created_at", "2016-03-14 14:25:40.063426"], ["updated_at", "2016-03-14 14:25:40.063426"]]
  [1m[35m (9.9ms)[0m  commit transaction
Redirected to http://localhost:3000/songs/7
Completed 302 Found in 22ms (ActiveRecord: 15.2ms)


Started GET "/songs/7" for 127.0.0.1 at 2016-03-14 10:25:40 -0400
Processing by SongsController#show as HTML
  Parameters: {"id"=>"7"}
  [1m[36mSong Load (5.3ms)[0m  [1mSELECT  "songs".* FROM "songs" WHERE "songs"."id" = ? LIMIT 1[0m  [["id", 7]]
Completed 500 Internal Server Error in 18ms (ActiveRecord: 5.3ms)

RuntimeError (nil):
  app/controllers/songs_controller.rb:8:in `show'


  Rendered /home/marco/.rvm/gems/ruby-2.2.3/gems/actionpack-4.2.5/lib/action_dispatch/middleware/templates/rescues/_source.erb (42.0ms)
  Rendered /home/marco/.rvm/gems/ruby-2.2.3/gems/actionpack-4.2.5/lib/action_dispatch/middleware/templates/rescues/_trace.html.erb (35.7ms)
  Rendered /home/marco/.rvm/gems/ruby-2.2.3/gems/actionpack-4.2.5/lib/action_dispatch/middleware/templates/rescues/_request_and_response.html.erb (5.9ms)
  Rendered /home/marco/.rvm/gems/ruby-2.2.3/gems/actionpack-4.2.5/lib/action_dispatch/middleware/templates/rescues/diagnostics.html.erb within rescues/layout (120.8ms)
  Rendered /home/marco/.rvm/gems/ruby-2.2.3/gems/web-console-2.2.1/lib/web_console/templates/_markup.html.erb (1.2ms)
  Rendered /home/marco/.rvm/gems/ruby-2.2.3/gems/web-console-2.2.1/lib/web_console/templates/_inner_console_markup.html.erb within layouts/inlined_string (0.5ms)
  Rendered /home/marco/.rvm/gems/ruby-2.2.3/gems/web-console-2.2.1/lib/web_console/templates/_prompt_box_markup.html.erb within layouts/inlined_string (0.5ms)
  Rendered /home/marco/.rvm/gems/ruby-2.2.3/gems/web-console-2.2.1/lib/web_console/templates/style.css.erb within layouts/inlined_string (0.5ms)
  Rendered /home/marco/.rvm/gems/ruby-2.2.3/gems/web-console-2.2.1/lib/web_console/templates/console.js.erb within layouts/javascript (43.3ms)
  Rendered /home/marco/.rvm/gems/ruby-2.2.3/gems/web-console-2.2.1/lib/web_console/templates/main.js.erb within layouts/javascript (0.4ms)
  Rendered /home/marco/.rvm/gems/ruby-2.2.3/gems/web-console-2.2.1/lib/web_console/templates/error_page.js.erb within layouts/javascript (0.5ms)
  Rendered /home/marco/.rvm/gems/ruby-2.2.3/gems/web-console-2.2.1/lib/web_console/templates/index.html.erb (108.1ms)


Started GET "/songs/7" for 127.0.0.1 at 2016-03-14 10:27:12 -0400
Processing by SongsController#show as HTML
  Parameters: {"id"=>"7"}
  [1m[35mSong Load (0.1ms)[0m  SELECT  "songs".* FROM "songs" WHERE "songs"."id" = ? LIMIT 1  [["id", 7]]
  Rendered songs/show.html.erb within layouts/application (30.9ms)
Completed 200 OK in 76ms (Views: 48.3ms | ActiveRecord: 0.6ms)


Started GET "/assets/application.self-e80e8f2318043e8af94dddc2adad5a4f09739a8ebb323b3ab31cd71d45fd9113.css?body=1" for 127.0.0.1 at 2016-03-14 10:27:12 -0400


Started GET "/songs/@song.id/edit" for 127.0.0.1 at 2016-03-14 10:27:28 -0400

ActionController::RoutingError (No route matches [GET] "/songs/@song.id/edit"):
  actionpack (4.2.5) lib/action_dispatch/middleware/debug_exceptions.rb:21:in `call'
  web-console (2.2.1) lib/web_console/middleware.rb:39:in `call'
  actionpack (4.2.5) lib/action_dispatch/middleware/show_exceptions.rb:30:in `call'
  railties (4.2.5) lib/rails/rack/logger.rb:38:in `call_app'
  railties (4.2.5) lib/rails/rack/logger.rb:20:in `block in call'
  activesupport (4.2.5) lib/active_support/tagged_logging.rb:68:in `block in tagged'
  activesupport (4.2.5) lib/active_support/tagged_logging.rb:26:in `tagged'
  activesupport (4.2.5) lib/active_support/tagged_logging.rb:68:in `tagged'
  railties (4.2.5) lib/rails/rack/logger.rb:20:in `call'
  actionpack (4.2.5) lib/action_dispatch/middleware/request_id.rb:21:in `call'
  rack (1.6.4) lib/rack/methodoverride.rb:22:in `call'
  rack (1.6.4) lib/rack/runtime.rb:18:in `call'
  activesupport (4.2.5) lib/active_support/cache/strategy/local_cache_middleware.rb:28:in `call'
  rack (1.6.4) lib/rack/lock.rb:17:in `call'
  actionpack (4.2.5) lib/action_dispatch/middleware/static.rb:116:in `call'
  rack (1.6.4) lib/rack/sendfile.rb:113:in `call'
  railties (4.2.5) lib/rails/engine.rb:518:in `call'
  railties (4.2.5) lib/rails/application.rb:165:in `call'
  rack (1.6.4) lib/rack/lock.rb:17:in `call'
  rack (1.6.4) lib/rack/content_length.rb:15:in `call'
  rack (1.6.4) lib/rack/handler/webrick.rb:88:in `service'
  /home/marco/.rvm/rubies/ruby-2.2.3/lib/ruby/2.2.0/webrick/httpserver.rb:138:in `service'
  /home/marco/.rvm/rubies/ruby-2.2.3/lib/ruby/2.2.0/webrick/httpserver.rb:94:in `run'
  /home/marco/.rvm/rubies/ruby-2.2.3/lib/ruby/2.2.0/webrick/server.rb:294:in `block in start_thread'


  Rendered /home/marco/.rvm/gems/ruby-2.2.3/gems/actionpack-4.2.5/lib/action_dispatch/middleware/templates/rescues/_trace.html.erb (3.5ms)
  Rendered /home/marco/.rvm/gems/ruby-2.2.3/gems/actionpack-4.2.5/lib/action_dispatch/middleware/templates/routes/_route.html.erb (1.5ms)
  Rendered /home/marco/.rvm/gems/ruby-2.2.3/gems/actionpack-4.2.5/lib/action_dispatch/middleware/templates/routes/_table.html.erb (4.6ms)
  Rendered /home/marco/.rvm/gems/ruby-2.2.3/gems/actionpack-4.2.5/lib/action_dispatch/middleware/templates/rescues/_request_and_response.html.erb (7.5ms)
  Rendered /home/marco/.rvm/gems/ruby-2.2.3/gems/actionpack-4.2.5/lib/action_dispatch/middleware/templates/rescues/routing_error.html.erb within rescues/layout (80.1ms)
  Rendered /home/marco/.rvm/gems/ruby-2.2.3/gems/web-console-2.2.1/lib/web_console/templates/_markup.html.erb (0.7ms)
  Rendered /home/marco/.rvm/gems/ruby-2.2.3/gems/web-console-2.2.1/lib/web_console/templates/_inner_console_markup.html.erb within layouts/inlined_string (0.4ms)
  Rendered /home/marco/.rvm/gems/ruby-2.2.3/gems/web-console-2.2.1/lib/web_console/templates/_prompt_box_markup.html.erb within layouts/inlined_string (0.4ms)
  Rendered /home/marco/.rvm/gems/ruby-2.2.3/gems/web-console-2.2.1/lib/web_console/templates/style.css.erb within layouts/inlined_string (0.4ms)
  Rendered /home/marco/.rvm/gems/ruby-2.2.3/gems/web-console-2.2.1/lib/web_console/templates/console.js.erb within layouts/javascript (35.5ms)
  Rendered /home/marco/.rvm/gems/ruby-2.2.3/gems/web-console-2.2.1/lib/web_console/templates/main.js.erb within layouts/javascript (0.4ms)
  Rendered /home/marco/.rvm/gems/ruby-2.2.3/gems/web-console-2.2.1/lib/web_console/templates/error_page.js.erb within layouts/javascript (0.4ms)
  Rendered /home/marco/.rvm/gems/ruby-2.2.3/gems/web-console-2.2.1/lib/web_console/templates/index.html.erb (75.9ms)


Started GET "/songs/@song.id/edit" for 127.0.0.1 at 2016-03-14 10:28:17 -0400

ActionController::RoutingError (No route matches [GET] "/songs/@song.id/edit"):
  actionpack (4.2.5) lib/action_dispatch/middleware/debug_exceptions.rb:21:in `call'
  web-console (2.2.1) lib/web_console/middleware.rb:39:in `call'
  actionpack (4.2.5) lib/action_dispatch/middleware/show_exceptions.rb:30:in `call'
  railties (4.2.5) lib/rails/rack/logger.rb:38:in `call_app'
  railties (4.2.5) lib/rails/rack/logger.rb:20:in `block in call'
  activesupport (4.2.5) lib/active_support/tagged_logging.rb:68:in `block in tagged'
  activesupport (4.2.5) lib/active_support/tagged_logging.rb:26:in `tagged'
  activesupport (4.2.5) lib/active_support/tagged_logging.rb:68:in `tagged'
  railties (4.2.5) lib/rails/rack/logger.rb:20:in `call'
  actionpack (4.2.5) lib/action_dispatch/middleware/request_id.rb:21:in `call'
  rack (1.6.4) lib/rack/methodoverride.rb:22:in `call'
  rack (1.6.4) lib/rack/runtime.rb:18:in `call'
  activesupport (4.2.5) lib/active_support/cache/strategy/local_cache_middleware.rb:28:in `call'
  rack (1.6.4) lib/rack/lock.rb:17:in `call'
  actionpack (4.2.5) lib/action_dispatch/middleware/static.rb:116:in `call'
  rack (1.6.4) lib/rack/sendfile.rb:113:in `call'
  railties (4.2.5) lib/rails/engine.rb:518:in `call'
  railties (4.2.5) lib/rails/application.rb:165:in `call'
  rack (1.6.4) lib/rack/lock.rb:17:in `call'
  rack (1.6.4) lib/rack/content_length.rb:15:in `call'
  rack (1.6.4) lib/rack/handler/webrick.rb:88:in `service'
  /home/marco/.rvm/rubies/ruby-2.2.3/lib/ruby/2.2.0/webrick/httpserver.rb:138:in `service'
  /home/marco/.rvm/rubies/ruby-2.2.3/lib/ruby/2.2.0/webrick/httpserver.rb:94:in `run'
  /home/marco/.rvm/rubies/ruby-2.2.3/lib/ruby/2.2.0/webrick/server.rb:294:in `block in start_thread'


  Rendered /home/marco/.rvm/gems/ruby-2.2.3/gems/actionpack-4.2.5/lib/action_dispatch/middleware/templates/rescues/_trace.html.erb (4.0ms)
  Rendered /home/marco/.rvm/gems/ruby-2.2.3/gems/actionpack-4.2.5/lib/action_dispatch/middleware/templates/routes/_route.html.erb (1.5ms)
  Rendered /home/marco/.rvm/gems/ruby-2.2.3/gems/actionpack-4.2.5/lib/action_dispatch/middleware/templates/routes/_table.html.erb (1.6ms)
  Rendered /home/marco/.rvm/gems/ruby-2.2.3/gems/actionpack-4.2.5/lib/action_dispatch/middleware/templates/rescues/_request_and_response.html.erb (5.5ms)
  Rendered /home/marco/.rvm/gems/ruby-2.2.3/gems/actionpack-4.2.5/lib/action_dispatch/middleware/templates/rescues/routing_error.html.erb within rescues/layout (63.9ms)
  Rendered /home/marco/.rvm/gems/ruby-2.2.3/gems/web-console-2.2.1/lib/web_console/templates/_markup.html.erb (0.3ms)
  Rendered /home/marco/.rvm/gems/ruby-2.2.3/gems/web-console-2.2.1/lib/web_console/templates/_inner_console_markup.html.erb within layouts/inlined_string (0.4ms)
  Rendered /home/marco/.rvm/gems/ruby-2.2.3/gems/web-console-2.2.1/lib/web_console/templates/_prompt_box_markup.html.erb within layouts/inlined_string (5.3ms)
  Rendered /home/marco/.rvm/gems/ruby-2.2.3/gems/web-console-2.2.1/lib/web_console/templates/style.css.erb within layouts/inlined_string (0.4ms)
  Rendered /home/marco/.rvm/gems/ruby-2.2.3/gems/web-console-2.2.1/lib/web_console/templates/console.js.erb within layouts/javascript (51.7ms)
  Rendered /home/marco/.rvm/gems/ruby-2.2.3/gems/web-console-2.2.1/lib/web_console/templates/main.js.erb within layouts/javascript (0.4ms)
  Rendered /home/marco/.rvm/gems/ruby-2.2.3/gems/web-console-2.2.1/lib/web_console/templates/error_page.js.erb within layouts/javascript (0.5ms)
  Rendered /home/marco/.rvm/gems/ruby-2.2.3/gems/web-console-2.2.1/lib/web_console/templates/index.html.erb (94.4ms)


Started GET "/songs/7" for 127.0.0.1 at 2016-03-14 10:28:27 -0400
Processing by SongsController#show as HTML
  Parameters: {"id"=>"7"}
  [1m[36mSong Load (0.1ms)[0m  [1mSELECT  "songs".* FROM "songs" WHERE "songs"."id" = ? LIMIT 1[0m  [["id", 7]]
  Rendered songs/show.html.erb within layouts/application (1.0ms)
Completed 500 Internal Server Error in 9ms (ActiveRecord: 0.1ms)

SyntaxError (/home/marco/learn/refactoring-views-with-helpers-lab-v-000/app/views/songs/show.html.erb:4: syntax error, unexpected '>'
/home/marco/learn/refactoring-views-with-helpers-lab-v-000/app/views/songs/show.html.erb:7: syntax error, unexpected '<', expecting ')'
<h1>'.freeze;@output_buffer.ap...
 ^
/home/marco/learn/refactoring-views-with-helpers-lab-v-000/app/views/songs/show.html.erb:7: unterminated regexp meets end of file
/home/marco/learn/refactoring-views-with-helpers-lab-v-000/app/views/songs/show.html.erb:7: syntax error, unexpected end-of-input, expecting ')'):
  app/views/songs/show.html.erb:4: syntax error, unexpected '>'
  app/views/songs/show.html.erb:7: syntax error, unexpected '<', expecting ')'
  app/views/songs/show.html.erb:7: unterminated regexp meets end of file
  app/views/songs/show.html.erb:7: syntax error, unexpected end-of-input, expecting ')'


  Rendered /home/marco/.rvm/gems/ruby-2.2.3/gems/actionpack-4.2.5/lib/action_dispatch/middleware/templates/rescues/_source.erb (20.9ms)
  Rendered /home/marco/.rvm/gems/ruby-2.2.3/gems/actionpack-4.2.5/lib/action_dispatch/middleware/templates/rescues/_trace.html.erb (33.0ms)
  Rendered /home/marco/.rvm/gems/ruby-2.2.3/gems/actionpack-4.2.5/lib/action_dispatch/middleware/templates/rescues/_request_and_response.html.erb (8.9ms)
  Rendered /home/marco/.rvm/gems/ruby-2.2.3/gems/actionpack-4.2.5/lib/action_dispatch/middleware/templates/rescues/diagnostics.html.erb within rescues/layout (96.3ms)
  Rendered /home/marco/.rvm/gems/ruby-2.2.3/gems/web-console-2.2.1/lib/web_console/templates/_markup.html.erb (0.5ms)
  Rendered /home/marco/.rvm/gems/ruby-2.2.3/gems/web-console-2.2.1/lib/web_console/templates/_inner_console_markup.html.erb within layouts/inlined_string (0.4ms)
  Rendered /home/marco/.rvm/gems/ruby-2.2.3/gems/web-console-2.2.1/lib/web_console/templates/_prompt_box_markup.html.erb within layouts/inlined_string (0.2ms)
  Rendered /home/marco/.rvm/gems/ruby-2.2.3/gems/web-console-2.2.1/lib/web_console/templates/style.css.erb within layouts/inlined_string (0.4ms)
  Rendered /home/marco/.rvm/gems/ruby-2.2.3/gems/web-console-2.2.1/lib/web_console/templates/console.js.erb within layouts/javascript (40.4ms)
  Rendered /home/marco/.rvm/gems/ruby-2.2.3/gems/web-console-2.2.1/lib/web_console/templates/main.js.erb within layouts/javascript (0.3ms)
  Rendered /home/marco/.rvm/gems/ruby-2.2.3/gems/web-console-2.2.1/lib/web_console/templates/error_page.js.erb within layouts/javascript (0.5ms)
  Rendered /home/marco/.rvm/gems/ruby-2.2.3/gems/web-console-2.2.1/lib/web_console/templates/index.html.erb (72.4ms)


Started GET "/songs/7" for 127.0.0.1 at 2016-03-14 10:29:03 -0400
Processing by SongsController#show as HTML
  Parameters: {"id"=>"7"}
  [1m[35mSong Load (0.1ms)[0m  SELECT  "songs".* FROM "songs" WHERE "songs"."id" = ? LIMIT 1  [["id", 7]]
  Rendered songs/show.html.erb within layouts/application (0.9ms)
Completed 200 OK in 12ms (Views: 11.0ms | ActiveRecord: 0.1ms)


Started GET "/assets/application.self-e80e8f2318043e8af94dddc2adad5a4f09739a8ebb323b3ab31cd71d45fd9113.css?body=1" for 127.0.0.1 at 2016-03-14 10:29:03 -0400


Started GET "/songs/7/edit" for 127.0.0.1 at 2016-03-14 10:29:06 -0400
Processing by SongsController#edit as HTML
  Parameters: {"id"=>"7"}
  [1m[36mSong Load (0.1ms)[0m  [1mSELECT  "songs".* FROM "songs" WHERE "songs"."id" = ? LIMIT 1[0m  [["id", 7]]
  Rendered songs/edit.html.erb within layouts/application (7.3ms)
Completed 500 Internal Server Error in 11ms (ActiveRecord: 0.1ms)

ActionView::Template::Error (undefined method `name' for #<Song:0x007fc834dc76d0>):
    1: <h1>Editing <%= @song.name %></h1>
    2: 
    3: 
    4: 
  app/views/songs/edit.html.erb:1:in `_app_views_songs_edit_html_erb__3437311110384736399_70248928522160'


  Rendered /home/marco/.rvm/gems/ruby-2.2.3/gems/actionpack-4.2.5/lib/action_dispatch/middleware/templates/rescues/_source.erb (10.5ms)
  Rendered /home/marco/.rvm/gems/ruby-2.2.3/gems/actionpack-4.2.5/lib/action_dispatch/middleware/templates/rescues/_trace.html.erb (9.4ms)
  Rendered /home/marco/.rvm/gems/ruby-2.2.3/gems/actionpack-4.2.5/lib/action_dispatch/middleware/templates/rescues/_request_and_response.html.erb (1.5ms)
  Rendered /home/marco/.rvm/gems/ruby-2.2.3/gems/actionpack-4.2.5/lib/action_dispatch/middleware/templates/rescues/template_error.html.erb within rescues/layout (73.0ms)
  Rendered /home/marco/.rvm/gems/ruby-2.2.3/gems/web-console-2.2.1/lib/web_console/templates/_markup.html.erb (4.2ms)
  Rendered /home/marco/.rvm/gems/ruby-2.2.3/gems/web-console-2.2.1/lib/web_console/templates/_inner_console_markup.html.erb within layouts/inlined_string (0.4ms)
  Rendered /home/marco/.rvm/gems/ruby-2.2.3/gems/web-console-2.2.1/lib/web_console/templates/_prompt_box_markup.html.erb within layouts/inlined_string (0.4ms)
  Rendered /home/marco/.rvm/gems/ruby-2.2.3/gems/web-console-2.2.1/lib/web_console/templates/style.css.erb within layouts/inlined_string (0.4ms)
  Rendered /home/marco/.rvm/gems/ruby-2.2.3/gems/web-console-2.2.1/lib/web_console/templates/console.js.erb within layouts/javascript (49.1ms)
  Rendered /home/marco/.rvm/gems/ruby-2.2.3/gems/web-console-2.2.1/lib/web_console/templates/main.js.erb within layouts/javascript (1.8ms)
  Rendered /home/marco/.rvm/gems/ruby-2.2.3/gems/web-console-2.2.1/lib/web_console/templates/error_page.js.erb within layouts/javascript (0.5ms)
  Rendered /home/marco/.rvm/gems/ruby-2.2.3/gems/web-console-2.2.1/lib/web_console/templates/index.html.erb (87.5ms)


Started GET "/songs/7" for 127.0.0.1 at 2016-03-14 10:39:24 -0400
Processing by SongsController#show as HTML
  Parameters: {"id"=>"7"}
  [1m[35mSong Load (0.1ms)[0m  SELECT  "songs".* FROM "songs" WHERE "songs"."id" = ? LIMIT 1  [["id", 7]]
  Rendered songs/show.html.erb within layouts/application (4.1ms)
Completed 200 OK in 14ms (Views: 12.5ms | ActiveRecord: 0.1ms)


Started GET "/assets/application.self-e80e8f2318043e8af94dddc2adad5a4f09739a8ebb323b3ab31cd71d45fd9113.css?body=1" for 127.0.0.1 at 2016-03-14 10:39:24 -0400


Started GET "/songs/7" for 127.0.0.1 at 2016-03-14 10:39:26 -0400
Processing by SongsController#show as HTML
  Parameters: {"id"=>"7"}
  [1m[36mSong Load (0.1ms)[0m  [1mSELECT  "songs".* FROM "songs" WHERE "songs"."id" = ? LIMIT 1[0m  [["id", 7]]
  Rendered songs/show.html.erb within layouts/application (0.4ms)
Completed 200 OK in 11ms (Views: 10.1ms | ActiveRecord: 0.1ms)


Started GET "/assets/application.self-e80e8f2318043e8af94dddc2adad5a4f09739a8ebb323b3ab31cd71d45fd9113.css?body=1" for 127.0.0.1 at 2016-03-14 10:39:26 -0400


Started GET "/songs/7" for 127.0.0.1 at 2016-03-14 10:39:27 -0400
Processing by SongsController#show as HTML
  Parameters: {"id"=>"7"}
  [1m[35mSong Load (0.1ms)[0m  SELECT  "songs".* FROM "songs" WHERE "songs"."id" = ? LIMIT 1  [["id", 7]]
  Rendered songs/show.html.erb within layouts/application (0.4ms)
Completed 200 OK in 17ms (Views: 10.2ms | ActiveRecord: 0.1ms)


Started GET "/assets/application.self-e80e8f2318043e8af94dddc2adad5a4f09739a8ebb323b3ab31cd71d45fd9113.css?body=1" for 127.0.0.1 at 2016-03-14 10:39:27 -0400


Started GET "/songs/7" for 127.0.0.1 at 2016-03-14 10:40:42 -0400
  [1m[36mActiveRecord::SchemaMigration Load (0.1ms)[0m  [1mSELECT "schema_migrations".* FROM "schema_migrations"[0m
Processing by SongsController#show as HTML
  Parameters: {"id"=>"7"}
  [1m[35mSong Load (0.3ms)[0m  SELECT  "songs".* FROM "songs" WHERE "songs"."id" = ? LIMIT 1  [["id", 7]]
  Rendered songs/show.html.erb within layouts/application (29.7ms)
Completed 200 OK in 523ms (Views: 479.2ms | ActiveRecord: 4.6ms)


Started GET "/assets/application.self-e80e8f2318043e8af94dddc2adad5a4f09739a8ebb323b3ab31cd71d45fd9113.css?body=1" for 127.0.0.1 at 2016-03-14 10:40:43 -0400


Started GET "/songs/7/edit" for 127.0.0.1 at 2016-03-14 10:40:55 -0400
Processing by SongsController#edit as HTML
  Parameters: {"id"=>"7"}
  [1m[36mSong Load (0.1ms)[0m  [1mSELECT  "songs".* FROM "songs" WHERE "songs"."id" = ? LIMIT 1[0m  [["id", 7]]
  Rendered songs/edit.html.erb within layouts/application (8.2ms)
Completed 500 Internal Server Error in 13ms (ActiveRecord: 0.1ms)

ActionView::Template::Error (undefined method `name' for #<Song:0x0000000143d248>):
    1: <h1>Editing <%= @song.name %></h1>
    2: 
    3: 
    4: 
  app/views/songs/edit.html.erb:1:in `_app_views_songs_edit_html_erb___3355544971479220670_10808420'


  Rendered /home/marco/.rvm/gems/ruby-2.2.3/gems/actionpack-4.2.5/lib/action_dispatch/middleware/templates/rescues/_source.erb (62.6ms)
  Rendered /home/marco/.rvm/gems/ruby-2.2.3/gems/actionpack-4.2.5/lib/action_dispatch/middleware/templates/rescues/_trace.html.erb (35.6ms)
  Rendered /home/marco/.rvm/gems/ruby-2.2.3/gems/actionpack-4.2.5/lib/action_dispatch/middleware/templates/rescues/_request_and_response.html.erb (2.9ms)
  Rendered /home/marco/.rvm/gems/ruby-2.2.3/gems/actionpack-4.2.5/lib/action_dispatch/middleware/templates/rescues/template_error.html.erb within rescues/layout (140.4ms)
  Rendered /home/marco/.rvm/gems/ruby-2.2.3/gems/web-console-2.2.1/lib/web_console/templates/_markup.html.erb (0.7ms)
  Rendered /home/marco/.rvm/gems/ruby-2.2.3/gems/web-console-2.2.1/lib/web_console/templates/_inner_console_markup.html.erb within layouts/inlined_string (7.5ms)
  Rendered /home/marco/.rvm/gems/ruby-2.2.3/gems/web-console-2.2.1/lib/web_console/templates/_prompt_box_markup.html.erb within layouts/inlined_string (0.5ms)
  Rendered /home/marco/.rvm/gems/ruby-2.2.3/gems/web-console-2.2.1/lib/web_console/templates/style.css.erb within layouts/inlined_string (0.4ms)
  Rendered /home/marco/.rvm/gems/ruby-2.2.3/gems/web-console-2.2.1/lib/web_console/templates/console.js.erb within layouts/javascript (39.0ms)
  Rendered /home/marco/.rvm/gems/ruby-2.2.3/gems/web-console-2.2.1/lib/web_console/templates/main.js.erb within layouts/javascript (0.4ms)
  Rendered /home/marco/.rvm/gems/ruby-2.2.3/gems/web-console-2.2.1/lib/web_console/templates/error_page.js.erb within layouts/javascript (0.5ms)
  Rendered /home/marco/.rvm/gems/ruby-2.2.3/gems/web-console-2.2.1/lib/web_console/templates/index.html.erb (88.0ms)
